#
# A fatal error has been detected by the Java Runtime Environment:
#
#  Internal Error (generateOopMap.cpp:2162), pid=44234, tid=16387
#  fatal error: Illegal class file encountered. Try running with -Xverify:all in method main
#
# JRE version: Java(TM) SE Runtime Environment (10.0+46) (build 10+46)
# Java VM: Java HotSpot(TM) 64-Bit Server VM (10+46, mixed mode, tiered, compressed oops, g1 gc, bsd-amd64)
# No core dump will be written. Core dumps have been disabled. To enable core dumping, try "ulimit -c unlimited" before starting Java again
#
# If you would like to submit a bug report, please visit:
#   http://bugreport.java.com/bugreport/crash.jsp
#

---------------  S U M M A R Y ------------

Command Line: -agentlib:jdwp=transport=dt_socket,address=127.0.0.1:49249,suspend=y,server=n -javaagent:/Users/yangrui/Library/Caches/IntelliJIdea2018.2/captureAgent/debugger-agent.jar=file:/private/var/folders/pv/s09pgfwj6fs31m6rm4ppvb6r0000gn/T/capture.props -Dfile.encoding=UTF-8 TopKidentifier /Users/yangrui/data-130000/

Host: MacBookAir6,2 x86_64 1400 MHz, 4 cores, 4G, Darwin 17.7.0
Time: Sat Mar 16 15:50:37 2019 PDT elapsed time: 345 seconds (0d 0h 5m 45s)

---------------  T H R E A D  ---------------

Current thread (0x00007fdaba00a800):  VMThread "VM Thread" [stack: 0x000070000c13c000,0x000070000c23c000] [id=16387]

Stack: [0x000070000c13c000,0x000070000c23c000],  sp=0x000070000c23aeb0,  free space=1019k
Native frames: (J=compiled Java code, A=aot compiled Java code, j=interpreted, Vv=VM code, C=native code)
V  [libjvm.dylib+0x798a21]  VMError::report_and_die(int, char const*, char const*, __va_list_tag*, Thread*, unsigned char*, void*, void*, char const*, int, unsigned long)+0x4df
V  [libjvm.dylib+0x7990e4]  VMError::report_and_die(Thread*, char const*, int, char const*, char const*, __va_list_tag*)+0x4a
V  [libjvm.dylib+0x28b811]  report_fatal(char const*, int, char const*, ...)+0xc0
V  [libjvm.dylib+0x3831e1]  GenerateOopMap::error_work(char const*, __va_list_tag*)+0xeb
V  [libjvm.dylib+0x380499]  GenerateOopMap::report_error(char const*, ...)+0x8d
V  [libjvm.dylib+0x3811eb]  GenerateOopMap::interp_bb(BasicBlock*)+0x1a5
V  [libjvm.dylib+0x380e61]  GenerateOopMap::interp_all()+0x53
V  [libjvm.dylib+0x380b47]  GenerateOopMap::do_interpretation()+0x4b
V  [libjvm.dylib+0x383011]  GenerateOopMap::compute_map(Thread*)+0x16b
V  [libjvm.dylib+0x62a638]  OopMapForCacheEntry::compute_map(Thread*)+0x60
V  [libjvm.dylib+0x62af24]  OopMapCacheEntry::fill(methodHandle const&, int)+0xac
V  [libjvm.dylib+0x62b8ec]  OopMapCache::compute_one_oop_map(methodHandle const&, int, InterpreterOopMap*)+0x11a
V  [libjvm.dylib+0x5efff5]  Method::mask_for(int, InterpreterOopMap*)+0x7f
V  [libjvm.dylib+0x4dc919]  VM_GetOrSetLocal::doit()+0x47
V  [libjvm.dylib+0x7a2649]  VM_Operation::evaluate()+0xf1
V  [libjvm.dylib+0x7a1b32]  VMThread::evaluate_operation(VM_Operation*)+0xd4
V  [libjvm.dylib+0x7a17e6]  VMThread::loop()+0x340
V  [libjvm.dylib+0x7a13b9]  VMThread::run()+0x75
V  [libjvm.dylib+0x6328bf]  thread_native_entry(Thread*)+0x12b
C  [libsystem_pthread.dylib+0x3661]  _pthread_body+0x154
C  [libsystem_pthread.dylib+0x350d]  _pthread_body+0x0
C  [libsystem_pthread.dylib+0x2bf9]  thread_start+0xd

VM_Operation (0x000070000ca539b8): GetOrSetLocal, mode: safepoint, requested by thread 0x00007fdaba8ba800


---------------  P R O C E S S  ---------------

Threads class SMR info:
_java_thread_list=0x00007fdab9427770, length=13, elements={
0x00007fdaba805800, 0x00007fdaba00d000, 0x00007fdaba00e000, 0x00007fdaba04b000,
0x00007fdaba04c000, 0x00007fdaba85d800, 0x00007fdab9839000, 0x00007fdabb030800,
0x00007fdaba8ba800, 0x00007fdaba0ab800, 0x00007fdaba0ac800, 0x00007fdabb053800,
0x00007fdaba8bd800
}

Java Threads: ( => current thread )
  0x00007fdaba805800 JavaThread "main" [_thread_blocked, id=6403, stack(0x0000000107d9d000,0x0000000107e9d000)]
  0x00007fdaba00d000 JavaThread "Reference Handler" daemon [_thread_blocked, id=12547, stack(0x000070000c23f000,0x000070000c33f000)]
  0x00007fdaba00e000 JavaThread "Finalizer" daemon [_thread_blocked, id=15107, stack(0x000070000c342000,0x000070000c442000)]
  0x00007fdaba04b000 JavaThread "Signal Dispatcher" daemon [_thread_blocked, id=22531, stack(0x000070000c445000,0x000070000c545000)]
  0x00007fdaba04c000 JavaThread "C2 CompilerThread0" daemon [_thread_blocked, id=42755, stack(0x000070000c548000,0x000070000c648000)]
  0x00007fdaba85d800 JavaThread "C2 CompilerThread1" daemon [_thread_blocked, id=23299, stack(0x000070000c64b000,0x000070000c74b000)]
  0x00007fdab9839000 JavaThread "C1 CompilerThread2" daemon [_thread_blocked, id=41731, stack(0x000070000c74e000,0x000070000c84e000)]
  0x00007fdabb030800 JavaThread "Sweeper thread" daemon [_thread_blocked, id=23811, stack(0x000070000c851000,0x000070000c951000)]
  0x00007fdaba8ba800 JavaThread "JDWP Transport Listener: dt_socket" daemon [_thread_blocked, id=41219, stack(0x000070000c954000,0x000070000ca54000)] _threads_hazard_ptr=0x00007fdab9427770
  0x00007fdaba0ab800 JavaThread "JDWP Event Helper Thread" daemon [_thread_blocked, id=40963, stack(0x000070000ca57000,0x000070000cb57000)]
  0x00007fdaba0ac800 JavaThread "JDWP Command Reader" daemon [_thread_in_native, id=25091, stack(0x000070000cb5a000,0x000070000cc5a000)]
  0x00007fdabb053800 JavaThread "Common-Cleaner" daemon [_thread_blocked, id=39683, stack(0x000070000cc5d000,0x000070000cd5d000)]
  0x00007fdaba8bd800 JavaThread "Service Thread" daemon [_thread_blocked, id=38915, stack(0x000070000cd60000,0x000070000ce60000)]

Other Threads:
=>0x00007fdaba00a800 VMThread "VM Thread" [stack: 0x000070000c13c000,0x000070000c23c000] [id=16387]
  0x00007fdabb0bb800 WatcherThread [stack: 0x000070000ce63000,0x000070000cf63000] [id=38659]
  0x00007fdaba80e800 GCTaskThread "GC Thread#0" [stack: 0x000070000b61b000,0x000070000b71b000] [id=21251]
  0x00007fdaba816800 GCTaskThread "GC Thread#1" [stack: 0x000070000b71e000,0x000070000b81e000] [id=20739]
  0x00007fdaba817800 GCTaskThread "GC Thread#2" [stack: 0x000070000b821000,0x000070000b921000] [id=11267]
  0x00007fdabb001800 GCTaskThread "GC Thread#3" [stack: 0x000070000b924000,0x000070000ba24000] [id=20227]
  0x00007fdaba041000 ConcurrentGCThread "G1 Main Marker" [stack: 0x000070000ba27000,0x000070000bb27000] [id=19715]
  0x00007fdaba041800 ConcurrentGCThread "G1 Conc#0" [stack: 0x000070000bb2a000,0x000070000bc2a000] [id=18947]
  0x00007fdabb007800 ConcurrentGCThread "G1 Refine#0" [stack: 0x000070000bc2d000,0x000070000bd2d000] [id=18435]
  0x00007fdab9808800 ConcurrentGCThread "G1 Refine#1" [stack: 0x000070000bd30000,0x000070000be30000] [id=18179]
  0x00007fdab9809800 ConcurrentGCThread "G1 Refine#2" [stack: 0x000070000be33000,0x000070000bf33000] [id=17923]
  0x00007fdab980a000 ConcurrentGCThread "G1 Refine#3" [stack: 0x000070000bf36000,0x000070000c036000] [id=17411]
  0x00007fdab980b000 ConcurrentGCThread "G1 Young RemSet Sampling" [stack: 0x000070000c039000,0x000070000c139000] [id=16899]

Threads with active compile tasks:

VM state:at safepoint (normal execution)

VM Mutex/Monitor currently owned by a thread:  ([mutex/lock_event])
[0x00007fdab9511a40] Threads_lock - owner thread: 0x00007fdaba00a800

Heap address: 0x0000000780000000, size: 1024 MB, Compressed Oops mode: Zero based, Oop shift amount: 3
Narrow klass base: 0x0000000000000000, Narrow klass shift: 3
Compressed class space size: 1073741824 Address: 0x00000007c0000000

Heap:
 garbage-first heap   total 312320K, used 90492K [0x0000000780000000, 0x00000007c0000000)
  region size 1024K, 32 young (32768K), 22 survivors (22528K)
 Metaspace       used 7685K, capacity 7799K, committed 7936K, reserved 1056768K
  class space    used 615K, capacity 684K, committed 768K, reserved 1048576K
Heap Regions: E=young(eden), S=young(survivor), O=old, HS=humongous(starts), HC=humongous(continues), CS=collection set, F=free, A=archive, TS=gc time stamp, AC=allocation context, TAMS=top-at-mark-start (previous, next)
|   0|0x0000000780000000, 0x0000000780100000, 0x0000000780100000|100%| O|  |TS  3|AC  0|TAMS 0x0000000780000000, 0x0000000780000000|
|   1|0x0000000780100000, 0x0000000780200000, 0x0000000780200000|100%| O|  |TS  4|AC  0|TAMS 0x0000000780100000, 0x0000000780100000|
|   2|0x0000000780200000, 0x0000000780300000, 0x0000000780300000|100%| O|  |TS  5|AC  0|TAMS 0x0000000780200000, 0x0000000780200000|
|   3|0x0000000780300000, 0x0000000780400000, 0x0000000780400000|100%| O|  |TS  5|AC  0|TAMS 0x0000000780300000, 0x0000000780300000|
|   4|0x0000000780400000, 0x0000000780500000, 0x0000000780500000|100%| O|  |TS  6|AC  0|TAMS 0x0000000780400000, 0x0000000780400000|
|   5|0x0000000780500000, 0x0000000780600000, 0x0000000780600000|100%| O|  |TS  7|AC  0|TAMS 0x0000000780500000, 0x0000000780500000|
|   6|0x0000000780600000, 0x0000000780700000, 0x0000000780700000|100%| O|  |TS  8|AC  0|TAMS 0x0000000780600000, 0x0000000780600000|
|   7|0x0000000780700000, 0x0000000780800000, 0x0000000780800000|100%| O|  |TS  8|AC  0|TAMS 0x0000000780700000, 0x0000000780700000|
|   8|0x0000000780800000, 0x0000000780900000, 0x0000000780900000|100%| O|  |TS 10|AC  0|TAMS 0x0000000780800000, 0x0000000780800000|
|   9|0x0000000780900000, 0x0000000780a00000, 0x0000000780a00000|100%| O|  |TS 11|AC  0|TAMS 0x0000000780900000, 0x0000000780900000|
|  10|0x0000000780a00000, 0x0000000780b00000, 0x0000000780b00000|100%| O|  |TS 11|AC  0|TAMS 0x0000000780a00000, 0x0000000780a00000|
|  11|0x0000000780b00000, 0x0000000780c00000, 0x0000000780c00000|100%| O|  |TS 11|AC  0|TAMS 0x0000000780b00000, 0x0000000780b00000|
|  12|0x0000000780c00000, 0x0000000780d00000, 0x0000000780d00000|100%| O|  |TS 11|AC  0|TAMS 0x0000000780c00000, 0x0000000780c00000|
|  13|0x0000000780d00000, 0x0000000780e00000, 0x0000000780e00000|100%| O|  |TS 13|AC  0|TAMS 0x0000000780d00000, 0x0000000780d00000|
|  14|0x0000000780e00000, 0x0000000780f00000, 0x0000000780f00000|100%| O|  |TS 13|AC  0|TAMS 0x0000000780e00000, 0x0000000780e00000|
|  15|0x0000000780f00000, 0x0000000781000000, 0x0000000781000000|100%| O|  |TS 13|AC  0|TAMS 0x0000000780f00000, 0x0000000780f00000|
|  16|0x0000000781000000, 0x0000000781100000, 0x0000000781100000|100%| O|  |TS 15|AC  0|TAMS 0x0000000781000000, 0x0000000781000000|
|  17|0x0000000781100000, 0x0000000781200000, 0x0000000781200000|100%| O|  |TS 16|AC  0|TAMS 0x0000000781100000, 0x0000000781100000|
|  18|0x0000000781200000, 0x0000000781300000, 0x0000000781300000|100%|HS|  |TS  0|AC  0|TAMS 0x0000000781200000, 0x0000000781200000|
|  19|0x0000000781300000, 0x0000000781400000, 0x0000000781400000|100%| O|  |TS 16|AC  0|TAMS 0x0000000781300000, 0x0000000781300000|
|  20|0x0000000781400000, 0x0000000781500000, 0x0000000781500000|100%| O|  |TS 17|AC  0|TAMS 0x0000000781400000, 0x0000000781400000|
|  21|0x0000000781500000, 0x0000000781600000, 0x0000000781600000|100%| O|  |TS 17|AC  0|TAMS 0x0000000781500000, 0x0000000781500000|
|  22|0x0000000781600000, 0x0000000781700000, 0x0000000781700000|100%| O|  |TS 18|AC  0|TAMS 0x0000000781600000, 0x0000000781600000|
|  23|0x0000000781700000, 0x0000000781800000, 0x0000000781800000|100%| O|  |TS 18|AC  0|TAMS 0x0000000781700000, 0x0000000781700000|
|  24|0x0000000781800000, 0x0000000781900000, 0x0000000781900000|100%| O|  |TS 19|AC  0|TAMS 0x0000000781800000, 0x0000000781800000|
|  25|0x0000000781900000, 0x0000000781a00000, 0x0000000781a00000|100%| O|  |TS 19|AC  0|TAMS 0x0000000781900000, 0x0000000781900000|
|  26|0x0000000781a00000, 0x0000000781b00000, 0x0000000781b00000|100%| O|  |TS 19|AC  0|TAMS 0x0000000781a00000, 0x0000000781a00000|
|  27|0x0000000781b00000, 0x0000000781c00000, 0x0000000781c00000|100%| O|  |TS 20|AC  0|TAMS 0x0000000781b00000, 0x0000000781b00000|
|  28|0x0000000781c00000, 0x0000000781d00000, 0x0000000781d00000|100%|HS|  |TS 13|AC  0|TAMS 0x0000000781c00000, 0x0000000781c00000|
|  29|0x0000000781d00000, 0x0000000781e00000, 0x0000000781e00000|100%| O|  |TS 20|AC  0|TAMS 0x0000000781d00000, 0x0000000781d00000|
|  30|0x0000000781e00000, 0x0000000781f00000, 0x0000000781f00000|100%| O|  |TS 21|AC  0|TAMS 0x0000000781e00000, 0x0000000781e00000|
|  31|0x0000000781f00000, 0x0000000782000000, 0x0000000782000000|100%| O|  |TS 21|AC  0|TAMS 0x0000000781f00000, 0x0000000781f00000|
|  32|0x0000000782000000, 0x0000000782100000, 0x0000000782100000|100%| O|  |TS 21|AC  0|TAMS 0x0000000782000000, 0x0000000782000000|
|  33|0x0000000782100000, 0x0000000782200000, 0x0000000782200000|100%| O|  |TS 22|AC  0|TAMS 0x0000000782100000, 0x0000000782100000|
|  34|0x0000000782200000, 0x0000000782300000, 0x0000000782300000|100%| O|  |TS 22|AC  0|TAMS 0x0000000782200000, 0x0000000782200000|
|  35|0x0000000782300000, 0x0000000782400000, 0x0000000782400000|100%| O|  |TS 22|AC  0|TAMS 0x0000000782300000, 0x0000000782300000|
|  36|0x0000000782400000, 0x0000000782500000, 0x0000000782500000|100%| O|  |TS 23|AC  0|TAMS 0x0000000782400000, 0x0000000782400000|
|  37|0x0000000782500000, 0x0000000782600000, 0x0000000782600000|100%| O|  |TS 23|AC  0|TAMS 0x0000000782500000, 0x0000000782500000|
|  38|0x0000000782600000, 0x0000000782700000, 0x0000000782700000|100%| O|  |TS 23|AC  0|TAMS 0x0000000782600000, 0x0000000782600000|
|  39|0x0000000782700000, 0x0000000782800000, 0x0000000782800000|100%| O|  |TS 24|AC  0|TAMS 0x0000000782700000, 0x0000000782700000|
|  40|0x0000000782800000, 0x0000000782900000, 0x0000000782900000|100%| O|  |TS 24|AC  0|TAMS 0x0000000782800000, 0x0000000782800000|
|  41|0x0000000782900000, 0x0000000782a00000, 0x0000000782a00000|100%| O|  |TS 25|AC  0|TAMS 0x0000000782900000, 0x0000000782900000|
|  42|0x0000000782a00000, 0x0000000782b00000, 0x0000000782b00000|100%|HS|  |TS 17|AC  0|TAMS 0x0000000782a00000, 0x0000000782a00000|
|  43|0x0000000782b00000, 0x0000000782c00000, 0x0000000782c00000|100%|HC|  |TS 17|AC  0|TAMS 0x0000000782b00000, 0x0000000782b00000|
|  44|0x0000000782c00000, 0x0000000782d00000, 0x0000000782d00000|100%| O|  |TS 25|AC  0|TAMS 0x0000000782c00000, 0x0000000782c00000|
|  45|0x0000000782d00000, 0x0000000782e00000, 0x0000000782e00000|100%| O|  |TS 25|AC  0|TAMS 0x0000000782d00000, 0x0000000782d00000|
|  46|0x0000000782e00000, 0x0000000782f00000, 0x0000000782f00000|100%| O|  |TS 25|AC  0|TAMS 0x0000000782e00000, 0x0000000782e00000|
|  47|0x0000000782f00000, 0x0000000783000000, 0x0000000783000000|100%| O|  |TS 26|AC  0|TAMS 0x0000000782f00000, 0x0000000782f00000|
|  48|0x0000000783000000, 0x0000000783100000, 0x0000000783100000|100%| O|  |TS 26|AC  0|TAMS 0x0000000783000000, 0x0000000783000000|
|  49|0x0000000783100000, 0x0000000783200000, 0x0000000783200000|100%| O|  |TS 26|AC  0|TAMS 0x0000000783100000, 0x0000000783100000|
|  50|0x0000000783200000, 0x0000000783300000, 0x0000000783300000|100%| O|  |TS 26|AC  0|TAMS 0x0000000783200000, 0x0000000783200000|
|  51|0x0000000783300000, 0x0000000783400000, 0x0000000783400000|100%| O|  |TS 27|AC  0|TAMS 0x0000000783300000, 0x0000000783300000|
|  52|0x0000000783400000, 0x0000000783500000, 0x0000000783500000|100%| O|  |TS 27|AC  0|TAMS 0x0000000783400000, 0x0000000783400000|
|  53|0x0000000783500000, 0x0000000783600000, 0x0000000783600000|100%| O|  |TS 27|AC  0|TAMS 0x0000000783500000, 0x0000000783500000|
|  54|0x0000000783600000, 0x0000000783700000, 0x0000000783700000|100%| O|  |TS 27|AC  0|TAMS 0x0000000783600000, 0x0000000783600000|
|  55|0x0000000783700000, 0x0000000783800000, 0x0000000783800000|100%| O|  |TS 27|AC  0|TAMS 0x0000000783700000, 0x0000000783700000|
|  56|0x0000000783800000, 0x000000078385f200, 0x0000000783900000| 37%| O|  |TS 27|AC  0|TAMS 0x0000000783800000, 0x0000000783800000|
|  57|0x0000000783900000, 0x0000000783a00000, 0x0000000783a00000|100%|HS|  |TS 22|AC  0|TAMS 0x0000000783900000, 0x0000000783900000|
|  58|0x0000000783a00000, 0x0000000783a00000, 0x0000000783b00000|  0%| F|  |TS 22|AC  0|TAMS 0x0000000783a00000, 0x0000000783a00000|
|  59|0x0000000783b00000, 0x0000000783b00000, 0x0000000783c00000|  0%| F|  |TS 22|AC  0|TAMS 0x0000000783b00000, 0x0000000783b00000|
|  60|0x0000000783c00000, 0x0000000783c00000, 0x0000000783d00000|  0%| F|  |TS 22|AC  0|TAMS 0x0000000783c00000, 0x0000000783c00000|
|  61|0x0000000783d00000, 0x0000000783d00000, 0x0000000783e00000|  0%| F|  |TS 22|AC  0|TAMS 0x0000000783d00000, 0x0000000783d00000|
|  62|0x0000000783e00000, 0x0000000783e00000, 0x0000000783f00000|  0%| F|  |TS 21|AC  0|TAMS 0x0000000783e00000, 0x0000000783e00000|
|  63|0x0000000783f00000, 0x0000000783f00000, 0x0000000784000000|  0%| F|  |TS 21|AC  0|TAMS 0x0000000783f00000, 0x0000000783f00000|
|  64|0x0000000784000000, 0x0000000784000000, 0x0000000784100000|  0%| F|  |TS 21|AC  0|TAMS 0x0000000784000000, 0x0000000784000000|
|  65|0x0000000784100000, 0x0000000784100000, 0x0000000784200000|  0%| F|  |TS 21|AC  0|TAMS 0x0000000784100000, 0x0000000784100000|
|  66|0x0000000784200000, 0x0000000784200000, 0x0000000784300000|  0%| F|  |TS 21|AC  0|TAMS 0x0000000784200000, 0x0000000784200000|
|  67|0x0000000784300000, 0x0000000784300000, 0x0000000784400000|  0%| F|  |TS 22|AC  0|TAMS 0x0000000784300000, 0x0000000784300000|
|  68|0x0000000784400000, 0x0000000784400000, 0x0000000784500000|  0%| F|  |TS 21|AC  0|TAMS 0x0000000784400000, 0x0000000784400000|
|  69|0x0000000784500000, 0x0000000784500000, 0x0000000784600000|  0%| F|  |TS 21|AC  0|TAMS 0x0000000784500000, 0x0000000784500000|
|  70|0x0000000784600000, 0x0000000784600000, 0x0000000784700000|  0%| F|  |TS 21|AC  0|TAMS 0x0000000784600000, 0x0000000784600000|
|  71|0x0000000784700000, 0x0000000784700000, 0x0000000784800000|  0%| F|  |TS 25|AC  0|TAMS 0x0000000784700000, 0x0000000784700000|
|  72|0x0000000784800000, 0x0000000784800000, 0x0000000784900000|  0%| F|  |TS 25|AC  0|TAMS 0x0000000784800000, 0x0000000784800000|
|  73|0x0000000784900000, 0x0000000784900000, 0x0000000784a00000|  0%| F|  |TS 25|AC  0|TAMS 0x0000000784900000, 0x0000000784900000|
|  74|0x0000000784a00000, 0x0000000784a00000, 0x0000000784b00000|  0%| F|  |TS 25|AC  0|TAMS 0x0000000784a00000, 0x0000000784a00000|
|  75|0x0000000784b00000, 0x0000000784b00000, 0x0000000784c00000|  0%| F|  |TS 25|AC  0|TAMS 0x0000000784b00000, 0x0000000784b00000|
|  76|0x0000000784c00000, 0x0000000784c00000, 0x0000000784d00000|  0%| F|  |TS 26|AC  0|TAMS 0x0000000784c00000, 0x0000000784c00000|
|  77|0x0000000784d00000, 0x0000000784d00000, 0x0000000784e00000|  0%| F|  |TS 26|AC  0|TAMS 0x0000000784d00000, 0x0000000784d00000|
|  78|0x0000000784e00000, 0x0000000784e00000, 0x0000000784f00000|  0%| F|  |TS 26|AC  0|TAMS 0x0000000784e00000, 0x0000000784e00000|
|  79|0x0000000784f00000, 0x0000000784f00000, 0x0000000785000000|  0%| F|  |TS 26|AC  0|TAMS 0x0000000784f00000, 0x0000000784f00000|
|  80|0x0000000785000000, 0x0000000785000000, 0x0000000785100000|  0%| F|  |TS 26|AC  0|TAMS 0x0000000785000000, 0x0000000785000000|
|  81|0x0000000785100000, 0x0000000785100000, 0x0000000785200000|  0%| F|  |TS 26|AC  0|TAMS 0x0000000785100000, 0x0000000785100000|
|  82|0x0000000785200000, 0x0000000785200000, 0x0000000785300000|  0%| F|  |TS 26|AC  0|TAMS 0x0000000785200000, 0x0000000785200000|
|  83|0x0000000785300000, 0x0000000785300000, 0x0000000785400000|  0%| F|  |TS 26|AC  0|TAMS 0x0000000785300000, 0x0000000785300000|
|  84|0x0000000785400000, 0x0000000785400000, 0x0000000785500000|  0%| F|  |TS 26|AC  0|TAMS 0x0000000785400000, 0x0000000785400000|
|  85|0x0000000785500000, 0x0000000785500000, 0x0000000785600000|  0%| F|  |TS 26|AC  0|TAMS 0x0000000785500000, 0x0000000785500000|
|  86|0x0000000785600000, 0x0000000785600000, 0x0000000785700000|  0%| F|  |TS 26|AC  0|TAMS 0x0000000785600000, 0x0000000785600000|
|  87|0x0000000785700000, 0x0000000785700000, 0x0000000785800000|  0%| F|  |TS 25|AC  0|TAMS 0x0000000785700000, 0x0000000785700000|
|  88|0x0000000785800000, 0x0000000785800000, 0x0000000785900000|  0%| F|  |TS 25|AC  0|TAMS 0x0000000785800000, 0x0000000785800000|
|  89|0x0000000785900000, 0x0000000785900000, 0x0000000785a00000|  0%| F|  |TS 25|AC  0|TAMS 0x0000000785900000, 0x0000000785900000|
|  90|0x0000000785a00000, 0x0000000785a00000, 0x0000000785b00000|  0%| F|  |TS 25|AC  0|TAMS 0x0000000785a00000, 0x0000000785a00000|
|  91|0x0000000785b00000, 0x0000000785b00000, 0x0000000785c00000|  0%| F|  |TS 25|AC  0|TAMS 0x0000000785b00000, 0x0000000785b00000|
|  92|0x0000000785c00000, 0x0000000785c00000, 0x0000000785d00000|  0%| F|  |TS 25|AC  0|TAMS 0x0000000785c00000, 0x0000000785c00000|
|  93|0x0000000785d00000, 0x0000000785d00000, 0x0000000785e00000|  0%| F|  |TS 25|AC  0|TAMS 0x0000000785d00000, 0x0000000785d00000|
|  94|0x0000000785e00000, 0x0000000785e00000, 0x0000000785f00000|  0%| F|  |TS 25|AC  0|TAMS 0x0000000785e00000, 0x0000000785e00000|
|  95|0x0000000785f00000, 0x0000000785f00000, 0x0000000786000000|  0%| F|  |TS 26|AC  0|TAMS 0x0000000785f00000, 0x0000000785f00000|
|  96|0x0000000786000000, 0x0000000786000000, 0x0000000786100000|  0%| F|  |TS 26|AC  0|TAMS 0x0000000786000000, 0x0000000786000000|
|  97|0x0000000786100000, 0x0000000786100000, 0x0000000786200000|  0%| F|  |TS 25|AC  0|TAMS 0x0000000786100000, 0x0000000786100000|
|  98|0x0000000786200000, 0x0000000786200000, 0x0000000786300000|  0%| F|  |TS 25|AC  0|TAMS 0x0000000786200000, 0x0000000786200000|
|  99|0x0000000786300000, 0x0000000786300000, 0x0000000786400000|  0%| F|  |TS 25|AC  0|TAMS 0x0000000786300000, 0x0000000786300000|
| 100|0x0000000786400000, 0x0000000786500000, 0x0000000786500000|100%| S|CS|TS 27|AC  0|TAMS 0x0000000786400000, 0x0000000786400000|
| 101|0x0000000786500000, 0x0000000786600000, 0x0000000786600000|100%| S|CS|TS 27|AC  0|TAMS 0x0000000786500000, 0x0000000786500000|
| 102|0x0000000786600000, 0x0000000786700000, 0x0000000786700000|100%| S|CS|TS 27|AC  0|TAMS 0x0000000786600000, 0x0000000786600000|
| 103|0x0000000786700000, 0x0000000786800000, 0x0000000786800000|100%| S|CS|TS 27|AC  0|TAMS 0x0000000786700000, 0x0000000786700000|
| 104|0x0000000786800000, 0x0000000786900000, 0x0000000786900000|100%| S|CS|TS 27|AC  0|TAMS 0x0000000786800000, 0x0000000786800000|
| 105|0x0000000786900000, 0x0000000786a00000, 0x0000000786a00000|100%| S|CS|TS 27|AC  0|TAMS 0x0000000786900000, 0x0000000786900000|
| 106|0x0000000786a00000, 0x0000000786b00000, 0x0000000786b00000|100%| S|CS|TS 27|AC  0|TAMS 0x0000000786a00000, 0x0000000786a00000|
| 107|0x0000000786b00000, 0x0000000786c00000, 0x0000000786c00000|100%| S|CS|TS 27|AC  0|TAMS 0x0000000786b00000, 0x0000000786b00000|
| 108|0x0000000786c00000, 0x0000000786d00000, 0x0000000786d00000|100%| S|CS|TS 27|AC  0|TAMS 0x0000000786c00000, 0x0000000786c00000|
| 109|0x0000000786d00000, 0x0000000786e00000, 0x0000000786e00000|100%| S|CS|TS 27|AC  0|TAMS 0x0000000786d00000, 0x0000000786d00000|
| 110|0x0000000786e00000, 0x0000000786f00000, 0x0000000786f00000|100%| S|CS|TS 27|AC  0|TAMS 0x0000000786e00000, 0x0000000786e00000|
| 111|0x0000000786f00000, 0x0000000787000000, 0x0000000787000000|100%| S|CS|TS 27|AC  0|TAMS 0x0000000786f00000, 0x0000000786f00000|
| 112|0x0000000787000000, 0x0000000787100000, 0x0000000787100000|100%| S|CS|TS 27|AC  0|TAMS 0x0000000787000000, 0x0000000787000000|
| 113|0x0000000787100000, 0x0000000787200000, 0x0000000787200000|100%| S|CS|TS 27|AC  0|TAMS 0x0000000787100000, 0x0000000787100000|
| 114|0x0000000787200000, 0x0000000787300000, 0x0000000787300000|100%| S|CS|TS 27|AC  0|TAMS 0x0000000787200000, 0x0000000787200000|
| 115|0x0000000787300000, 0x0000000787400000, 0x0000000787400000|100%| S|CS|TS 27|AC  0|TAMS 0x0000000787300000, 0x0000000787300000|
| 116|0x0000000787400000, 0x0000000787500000, 0x0000000787500000|100%| S|CS|TS 27|AC  0|TAMS 0x0000000787400000, 0x0000000787400000|
| 117|0x0000000787500000, 0x0000000787600000, 0x0000000787600000|100%| S|CS|TS 27|AC  0|TAMS 0x0000000787500000, 0x0000000787500000|
| 118|0x0000000787600000, 0x0000000787700000, 0x0000000787700000|100%| S|CS|TS 27|AC  0|TAMS 0x0000000787600000, 0x0000000787600000|
| 119|0x0000000787700000, 0x0000000787800000, 0x0000000787800000|100%| S|CS|TS 27|AC  0|TAMS 0x0000000787700000, 0x0000000787700000|
| 120|0x0000000787800000, 0x0000000787900000, 0x0000000787900000|100%| S|CS|TS 27|AC  0|TAMS 0x0000000787800000, 0x0000000787800000|
| 121|0x0000000787900000, 0x0000000787a00000, 0x0000000787a00000|100%| S|CS|TS 27|AC  0|TAMS 0x0000000787900000, 0x0000000787900000|
| 122|0x0000000787a00000, 0x0000000787a00000, 0x0000000787b00000|  0%| F|  |TS 27|AC  0|TAMS 0x0000000787a00000, 0x0000000787a00000|
| 123|0x0000000787b00000, 0x0000000787b00000, 0x0000000787c00000|  0%| F|  |TS 27|AC  0|TAMS 0x0000000787b00000, 0x0000000787b00000|
| 124|0x0000000787c00000, 0x0000000787c00000, 0x0000000787d00000|  0%| F|  |TS 27|AC  0|TAMS 0x0000000787c00000, 0x0000000787c00000|
| 125|0x0000000787d00000, 0x0000000787d00000, 0x0000000787e00000|  0%| F|  |TS 27|AC  0|TAMS 0x0000000787d00000, 0x0000000787d00000|
| 126|0x0000000787e00000, 0x0000000787e00000, 0x0000000787f00000|  0%| F|  |TS 27|AC  0|TAMS 0x0000000787e00000, 0x0000000787e00000|
| 127|0x0000000787f00000, 0x0000000787f00000, 0x0000000788000000|  0%| F|  |TS 27|AC  0|TAMS 0x0000000787f00000, 0x0000000787f00000|
| 128|0x0000000788000000, 0x0000000788000000, 0x0000000788100000|  0%| F|  |TS 27|AC  0|TAMS 0x0000000788000000, 0x0000000788000000|
| 129|0x0000000788100000, 0x0000000788100000, 0x0000000788200000|  0%| F|  |TS 27|AC  0|TAMS 0x0000000788100000, 0x0000000788100000|
| 130|0x0000000788200000, 0x0000000788200000, 0x0000000788300000|  0%| F|  |TS 27|AC  0|TAMS 0x0000000788200000, 0x0000000788200000|
| 131|0x0000000788300000, 0x0000000788300000, 0x0000000788400000|  0%| F|  |TS 27|AC  0|TAMS 0x0000000788300000, 0x0000000788300000|
| 132|0x0000000788400000, 0x0000000788400000, 0x0000000788500000|  0%| F|  |TS 27|AC  0|TAMS 0x0000000788400000, 0x0000000788400000|
| 133|0x0000000788500000, 0x0000000788500000, 0x0000000788600000|  0%| F|  |TS 27|AC  0|TAMS 0x0000000788500000, 0x0000000788500000|
| 134|0x0000000788600000, 0x0000000788600000, 0x0000000788700000|  0%| F|  |TS 27|AC  0|TAMS 0x0000000788600000, 0x0000000788600000|
| 135|0x0000000788700000, 0x0000000788700000, 0x0000000788800000|  0%| F|  |TS 27|AC  0|TAMS 0x0000000788700000, 0x0000000788700000|
| 136|0x0000000788800000, 0x0000000788800000, 0x0000000788900000|  0%| F|  |TS 27|AC  0|TAMS 0x0000000788800000, 0x0000000788800000|
| 137|0x0000000788900000, 0x0000000788900000, 0x0000000788a00000|  0%| F|  |TS 27|AC  0|TAMS 0x0000000788900000, 0x0000000788900000|
| 138|0x0000000788a00000, 0x0000000788a00000, 0x0000000788b00000|  0%| F|  |TS 27|AC  0|TAMS 0x0000000788a00000, 0x0000000788a00000|
| 139|0x0000000788b00000, 0x0000000788b00000, 0x0000000788c00000|  0%| F|  |TS 27|AC  0|TAMS 0x0000000788b00000, 0x0000000788b00000|
| 140|0x0000000788c00000, 0x0000000788c00000, 0x0000000788d00000|  0%| F|  |TS 27|AC  0|TAMS 0x0000000788c00000, 0x0000000788c00000|
| 141|0x0000000788d00000, 0x0000000788d00000, 0x0000000788e00000|  0%| F|  |TS 27|AC  0|TAMS 0x0000000788d00000, 0x0000000788d00000|
| 142|0x0000000788e00000, 0x0000000788e00000, 0x0000000788f00000|  0%| F|  |TS 27|AC  0|TAMS 0x0000000788e00000, 0x0000000788e00000|
| 143|0x0000000788f00000, 0x0000000788f00000, 0x0000000789000000|  0%| F|  |TS 27|AC  0|TAMS 0x0000000788f00000, 0x0000000788f00000|
| 144|0x0000000789000000, 0x0000000789000000, 0x0000000789100000|  0%| F|  |TS 27|AC  0|TAMS 0x0000000789000000, 0x0000000789000000|
| 145|0x0000000789100000, 0x0000000789100000, 0x0000000789200000|  0%| F|  |TS 27|AC  0|TAMS 0x0000000789100000, 0x0000000789100000|
| 146|0x0000000789200000, 0x0000000789200000, 0x0000000789300000|  0%| F|  |TS 27|AC  0|TAMS 0x0000000789200000, 0x0000000789200000|
| 147|0x0000000789300000, 0x0000000789300000, 0x0000000789400000|  0%| F|  |TS 27|AC  0|TAMS 0x0000000789300000, 0x0000000789300000|
| 148|0x0000000789400000, 0x0000000789400000, 0x0000000789500000|  0%| F|  |TS 27|AC  0|TAMS 0x0000000789400000, 0x0000000789400000|
| 149|0x0000000789500000, 0x0000000789500000, 0x0000000789600000|  0%| F|  |TS 27|AC  0|TAMS 0x0000000789500000, 0x0000000789500000|
| 150|0x0000000789600000, 0x0000000789600000, 0x0000000789700000|  0%| F|  |TS 27|AC  0|TAMS 0x0000000789600000, 0x0000000789600000|
| 151|0x0000000789700000, 0x0000000789700000, 0x0000000789800000|  0%| F|  |TS 27|AC  0|TAMS 0x0000000789700000, 0x0000000789700000|
| 152|0x0000000789800000, 0x0000000789800000, 0x0000000789900000|  0%| F|  |TS 27|AC  0|TAMS 0x0000000789800000, 0x0000000789800000|
| 153|0x0000000789900000, 0x0000000789900000, 0x0000000789a00000|  0%| F|  |TS 27|AC  0|TAMS 0x0000000789900000, 0x0000000789900000|
| 154|0x0000000789a00000, 0x0000000789a00000, 0x0000000789b00000|  0%| F|  |TS 27|AC  0|TAMS 0x0000000789a00000, 0x0000000789a00000|
| 155|0x0000000789b00000, 0x0000000789b00000, 0x0000000789c00000|  0%| F|  |TS 27|AC  0|TAMS 0x0000000789b00000, 0x0000000789b00000|
| 156|0x0000000789c00000, 0x0000000789c00000, 0x0000000789d00000|  0%| F|  |TS 27|AC  0|TAMS 0x0000000789c00000, 0x0000000789c00000|
| 157|0x0000000789d00000, 0x0000000789d00000, 0x0000000789e00000|  0%| F|  |TS 27|AC  0|TAMS 0x0000000789d00000, 0x0000000789d00000|
| 158|0x0000000789e00000, 0x0000000789e00000, 0x0000000789f00000|  0%| F|  |TS 27|AC  0|TAMS 0x0000000789e00000, 0x0000000789e00000|
| 159|0x0000000789f00000, 0x0000000789f00000, 0x000000078a000000|  0%| F|  |TS 27|AC  0|TAMS 0x0000000789f00000, 0x0000000789f00000|
| 160|0x000000078a000000, 0x000000078a000000, 0x000000078a100000|  0%| F|  |TS 27|AC  0|TAMS 0x000000078a000000, 0x000000078a000000|
| 161|0x000000078a100000, 0x000000078a100000, 0x000000078a200000|  0%| F|  |TS 27|AC  0|TAMS 0x000000078a100000, 0x000000078a100000|
| 162|0x000000078a200000, 0x000000078a200000, 0x000000078a300000|  0%| F|  |TS 27|AC  0|TAMS 0x000000078a200000, 0x000000078a200000|
| 163|0x000000078a300000, 0x000000078a300000, 0x000000078a400000|  0%| F|  |TS 27|AC  0|TAMS 0x000000078a300000, 0x000000078a300000|
| 164|0x000000078a400000, 0x000000078a400000, 0x000000078a500000|  0%| F|  |TS 27|AC  0|TAMS 0x000000078a400000, 0x000000078a400000|
| 165|0x000000078a500000, 0x000000078a500000, 0x000000078a600000|  0%| F|  |TS 27|AC  0|TAMS 0x000000078a500000, 0x000000078a500000|
| 166|0x000000078a600000, 0x000000078a600000, 0x000000078a700000|  0%| F|  |TS 27|AC  0|TAMS 0x000000078a600000, 0x000000078a600000|
| 167|0x000000078a700000, 0x000000078a700000, 0x000000078a800000|  0%| F|  |TS 27|AC  0|TAMS 0x000000078a700000, 0x000000078a700000|
| 168|0x000000078a800000, 0x000000078a800000, 0x000000078a900000|  0%| F|  |TS 27|AC  0|TAMS 0x000000078a800000, 0x000000078a800000|
| 169|0x000000078a900000, 0x000000078a900000, 0x000000078aa00000|  0%| F|  |TS 27|AC  0|TAMS 0x000000078a900000, 0x000000078a900000|
| 170|0x000000078aa00000, 0x000000078aa00000, 0x000000078ab00000|  0%| F|  |TS 27|AC  0|TAMS 0x000000078aa00000, 0x000000078aa00000|
| 171|0x000000078ab00000, 0x000000078ab00000, 0x000000078ac00000|  0%| F|  |TS 27|AC  0|TAMS 0x000000078ab00000, 0x000000078ab00000|
| 172|0x000000078ac00000, 0x000000078ac00000, 0x000000078ad00000|  0%| F|  |TS 27|AC  0|TAMS 0x000000078ac00000, 0x000000078ac00000|
| 173|0x000000078ad00000, 0x000000078ad00000, 0x000000078ae00000|  0%| F|  |TS 27|AC  0|TAMS 0x000000078ad00000, 0x000000078ad00000|
| 174|0x000000078ae00000, 0x000000078ae00000, 0x000000078af00000|  0%| F|  |TS 27|AC  0|TAMS 0x000000078ae00000, 0x000000078ae00000|
| 175|0x000000078af00000, 0x000000078af00000, 0x000000078b000000|  0%| F|  |TS 27|AC  0|TAMS 0x000000078af00000, 0x000000078af00000|
| 176|0x000000078b000000, 0x000000078b000000, 0x000000078b100000|  0%| F|  |TS 27|AC  0|TAMS 0x000000078b000000, 0x000000078b000000|
| 177|0x000000078b100000, 0x000000078b100000, 0x000000078b200000|  0%| F|  |TS 27|AC  0|TAMS 0x000000078b100000, 0x000000078b100000|
| 178|0x000000078b200000, 0x000000078b200000, 0x000000078b300000|  0%| F|  |TS 27|AC  0|TAMS 0x000000078b200000, 0x000000078b200000|
| 179|0x000000078b300000, 0x000000078b300000, 0x000000078b400000|  0%| F|  |TS 27|AC  0|TAMS 0x000000078b300000, 0x000000078b300000|
| 180|0x000000078b400000, 0x000000078b400000, 0x000000078b500000|  0%| F|  |TS 27|AC  0|TAMS 0x000000078b400000, 0x000000078b400000|
| 181|0x000000078b500000, 0x000000078b500000, 0x000000078b600000|  0%| F|  |TS 27|AC  0|TAMS 0x000000078b500000, 0x000000078b500000|
| 182|0x000000078b600000, 0x000000078b600000, 0x000000078b700000|  0%| F|  |TS 27|AC  0|TAMS 0x000000078b600000, 0x000000078b600000|
| 183|0x000000078b700000, 0x000000078b700000, 0x000000078b800000|  0%| F|  |TS 27|AC  0|TAMS 0x000000078b700000, 0x000000078b700000|
| 184|0x000000078b800000, 0x000000078b800000, 0x000000078b900000|  0%| F|  |TS 27|AC  0|TAMS 0x000000078b800000, 0x000000078b800000|
| 185|0x000000078b900000, 0x000000078b900000, 0x000000078ba00000|  0%| F|  |TS 27|AC  0|TAMS 0x000000078b900000, 0x000000078b900000|
| 186|0x000000078ba00000, 0x000000078ba00000, 0x000000078bb00000|  0%| F|  |TS 27|AC  0|TAMS 0x000000078ba00000, 0x000000078ba00000|
| 187|0x000000078bb00000, 0x000000078bb00000, 0x000000078bc00000|  0%| F|  |TS 27|AC  0|TAMS 0x000000078bb00000, 0x000000078bb00000|
| 188|0x000000078bc00000, 0x000000078bc00000, 0x000000078bd00000|  0%| F|  |TS 27|AC  0|TAMS 0x000000078bc00000, 0x000000078bc00000|
| 189|0x000000078bd00000, 0x000000078bd00000, 0x000000078be00000|  0%| F|  |TS 27|AC  0|TAMS 0x000000078bd00000, 0x000000078bd00000|
| 190|0x000000078be00000, 0x000000078be00000, 0x000000078bf00000|  0%| F|  |TS 27|AC  0|TAMS 0x000000078be00000, 0x000000078be00000|
| 191|0x000000078bf00000, 0x000000078bf00000, 0x000000078c000000|  0%| F|  |TS 27|AC  0|TAMS 0x000000078bf00000, 0x000000078bf00000|
| 192|0x000000078c000000, 0x000000078c000000, 0x000000078c100000|  0%| F|  |TS 27|AC  0|TAMS 0x000000078c000000, 0x000000078c000000|
| 193|0x000000078c100000, 0x000000078c100000, 0x000000078c200000|  0%| F|  |TS 27|AC  0|TAMS 0x000000078c100000, 0x000000078c100000|
| 194|0x000000078c200000, 0x000000078c200000, 0x000000078c300000|  0%| F|  |TS 27|AC  0|TAMS 0x000000078c200000, 0x000000078c200000|
| 195|0x000000078c300000, 0x000000078c300000, 0x000000078c400000|  0%| F|  |TS 27|AC  0|TAMS 0x000000078c300000, 0x000000078c300000|
| 196|0x000000078c400000, 0x000000078c400000, 0x000000078c500000|  0%| F|  |TS 27|AC  0|TAMS 0x000000078c400000, 0x000000078c400000|
| 197|0x000000078c500000, 0x000000078c500000, 0x000000078c600000|  0%| F|  |TS 27|AC  0|TAMS 0x000000078c500000, 0x000000078c500000|
| 198|0x000000078c600000, 0x000000078c600000, 0x000000078c700000|  0%| F|  |TS 27|AC  0|TAMS 0x000000078c600000, 0x000000078c600000|
| 199|0x000000078c700000, 0x000000078c700000, 0x000000078c800000|  0%| F|  |TS 27|AC  0|TAMS 0x000000078c700000, 0x000000078c700000|
| 200|0x000000078c800000, 0x000000078c800000, 0x000000078c900000|  0%| F|  |TS 27|AC  0|TAMS 0x000000078c800000, 0x000000078c800000|
| 201|0x000000078c900000, 0x000000078c900000, 0x000000078ca00000|  0%| F|  |TS 27|AC  0|TAMS 0x000000078c900000, 0x000000078c900000|
| 202|0x000000078ca00000, 0x000000078ca00000, 0x000000078cb00000|  0%| F|  |TS 27|AC  0|TAMS 0x000000078ca00000, 0x000000078ca00000|
| 203|0x000000078cb00000, 0x000000078cb00000, 0x000000078cc00000|  0%| F|  |TS 27|AC  0|TAMS 0x000000078cb00000, 0x000000078cb00000|
| 204|0x000000078cc00000, 0x000000078cc00000, 0x000000078cd00000|  0%| F|  |TS 27|AC  0|TAMS 0x000000078cc00000, 0x000000078cc00000|
| 205|0x000000078cd00000, 0x000000078cd00000, 0x000000078ce00000|  0%| F|  |TS 27|AC  0|TAMS 0x000000078cd00000, 0x000000078cd00000|
| 206|0x000000078ce00000, 0x000000078ce00000, 0x000000078cf00000|  0%| F|  |TS 27|AC  0|TAMS 0x000000078ce00000, 0x000000078ce00000|
| 207|0x000000078cf00000, 0x000000078cf00000, 0x000000078d000000|  0%| F|  |TS 27|AC  0|TAMS 0x000000078cf00000, 0x000000078cf00000|
| 208|0x000000078d000000, 0x000000078d000000, 0x000000078d100000|  0%| F|  |TS 27|AC  0|TAMS 0x000000078d000000, 0x000000078d000000|
| 209|0x000000078d100000, 0x000000078d100000, 0x000000078d200000|  0%| F|  |TS 27|AC  0|TAMS 0x000000078d100000, 0x000000078d100000|
| 210|0x000000078d200000, 0x000000078d200000, 0x000000078d300000|  0%| F|  |TS 27|AC  0|TAMS 0x000000078d200000, 0x000000078d200000|
| 211|0x000000078d300000, 0x000000078d300000, 0x000000078d400000|  0%| F|  |TS 27|AC  0|TAMS 0x000000078d300000, 0x000000078d300000|
| 212|0x000000078d400000, 0x000000078d400000, 0x000000078d500000|  0%| F|  |TS 27|AC  0|TAMS 0x000000078d400000, 0x000000078d400000|
| 213|0x000000078d500000, 0x000000078d500000, 0x000000078d600000|  0%| F|  |TS 27|AC  0|TAMS 0x000000078d500000, 0x000000078d500000|
| 214|0x000000078d600000, 0x000000078d600000, 0x000000078d700000|  0%| F|  |TS 27|AC  0|TAMS 0x000000078d600000, 0x000000078d600000|
| 215|0x000000078d700000, 0x000000078d700000, 0x000000078d800000|  0%| F|  |TS 27|AC  0|TAMS 0x000000078d700000, 0x000000078d700000|
| 216|0x000000078d800000, 0x000000078d800000, 0x000000078d900000|  0%| F|  |TS 27|AC  0|TAMS 0x000000078d800000, 0x000000078d800000|
| 217|0x000000078d900000, 0x000000078d900000, 0x000000078da00000|  0%| F|  |TS 27|AC  0|TAMS 0x000000078d900000, 0x000000078d900000|
| 218|0x000000078da00000, 0x000000078da00000, 0x000000078db00000|  0%| F|  |TS 27|AC  0|TAMS 0x000000078da00000, 0x000000078da00000|
| 219|0x000000078db00000, 0x000000078db00000, 0x000000078dc00000|  0%| F|  |TS 27|AC  0|TAMS 0x000000078db00000, 0x000000078db00000|
| 220|0x000000078dc00000, 0x000000078dc00000, 0x000000078dd00000|  0%| F|  |TS 27|AC  0|TAMS 0x000000078dc00000, 0x000000078dc00000|
| 221|0x000000078dd00000, 0x000000078dd00000, 0x000000078de00000|  0%| F|  |TS 27|AC  0|TAMS 0x000000078dd00000, 0x000000078dd00000|
| 222|0x000000078de00000, 0x000000078de00000, 0x000000078df00000|  0%| F|  |TS 27|AC  0|TAMS 0x000000078de00000, 0x000000078de00000|
| 223|0x000000078df00000, 0x000000078df00000, 0x000000078e000000|  0%| F|  |TS 27|AC  0|TAMS 0x000000078df00000, 0x000000078df00000|
| 224|0x000000078e000000, 0x000000078e000000, 0x000000078e100000|  0%| F|  |TS 27|AC  0|TAMS 0x000000078e000000, 0x000000078e000000|
| 225|0x000000078e100000, 0x000000078e100000, 0x000000078e200000|  0%| F|  |TS 27|AC  0|TAMS 0x000000078e100000, 0x000000078e100000|
| 226|0x000000078e200000, 0x000000078e200000, 0x000000078e300000|  0%| F|  |TS 27|AC  0|TAMS 0x000000078e200000, 0x000000078e200000|
| 227|0x000000078e300000, 0x000000078e300000, 0x000000078e400000|  0%| F|  |TS 27|AC  0|TAMS 0x000000078e300000, 0x000000078e300000|
| 228|0x000000078e400000, 0x000000078e400000, 0x000000078e500000|  0%| F|  |TS 27|AC  0|TAMS 0x000000078e400000, 0x000000078e400000|
| 229|0x000000078e500000, 0x000000078e500000, 0x000000078e600000|  0%| F|  |TS 27|AC  0|TAMS 0x000000078e500000, 0x000000078e500000|
| 230|0x000000078e600000, 0x000000078e600000, 0x000000078e700000|  0%| F|  |TS 27|AC  0|TAMS 0x000000078e600000, 0x000000078e600000|
| 231|0x000000078e700000, 0x000000078e700000, 0x000000078e800000|  0%| F|  |TS 27|AC  0|TAMS 0x000000078e700000, 0x000000078e700000|
| 232|0x000000078e800000, 0x000000078e800000, 0x000000078e900000|  0%| F|  |TS 27|AC  0|TAMS 0x000000078e800000, 0x000000078e800000|
| 233|0x000000078e900000, 0x000000078e900000, 0x000000078ea00000|  0%| F|  |TS 27|AC  0|TAMS 0x000000078e900000, 0x000000078e900000|
| 234|0x000000078ea00000, 0x000000078ea00000, 0x000000078eb00000|  0%| F|  |TS 27|AC  0|TAMS 0x000000078ea00000, 0x000000078ea00000|
| 235|0x000000078eb00000, 0x000000078eb00000, 0x000000078ec00000|  0%| F|  |TS 27|AC  0|TAMS 0x000000078eb00000, 0x000000078eb00000|
| 236|0x000000078ec00000, 0x000000078ec00000, 0x000000078ed00000|  0%| F|  |TS 27|AC  0|TAMS 0x000000078ec00000, 0x000000078ec00000|
| 237|0x000000078ed00000, 0x000000078ed00000, 0x000000078ee00000|  0%| F|  |TS 27|AC  0|TAMS 0x000000078ed00000, 0x000000078ed00000|
| 238|0x000000078ee00000, 0x000000078ee00000, 0x000000078ef00000|  0%| F|  |TS 27|AC  0|TAMS 0x000000078ee00000, 0x000000078ee00000|
| 239|0x000000078ef00000, 0x000000078ef00000, 0x000000078f000000|  0%| F|  |TS 27|AC  0|TAMS 0x000000078ef00000, 0x000000078ef00000|
| 240|0x000000078f000000, 0x000000078f000000, 0x000000078f100000|  0%| F|  |TS 27|AC  0|TAMS 0x000000078f000000, 0x000000078f000000|
| 241|0x000000078f100000, 0x000000078f100000, 0x000000078f200000|  0%| F|  |TS 27|AC  0|TAMS 0x000000078f100000, 0x000000078f100000|
| 242|0x000000078f200000, 0x000000078f200000, 0x000000078f300000|  0%| F|  |TS 27|AC  0|TAMS 0x000000078f200000, 0x000000078f200000|
| 243|0x000000078f300000, 0x000000078f300000, 0x000000078f400000|  0%| F|  |TS 27|AC  0|TAMS 0x000000078f300000, 0x000000078f300000|
| 244|0x000000078f400000, 0x000000078f400000, 0x000000078f500000|  0%| F|  |TS 27|AC  0|TAMS 0x000000078f400000, 0x000000078f400000|
| 245|0x000000078f500000, 0x000000078f500000, 0x000000078f600000|  0%| F|  |TS 27|AC  0|TAMS 0x000000078f500000, 0x000000078f500000|
| 246|0x000000078f600000, 0x000000078f600000, 0x000000078f700000|  0%| F|  |TS 27|AC  0|TAMS 0x000000078f600000, 0x000000078f600000|
| 247|0x000000078f700000, 0x000000078f700000, 0x000000078f800000|  0%| F|  |TS 27|AC  0|TAMS 0x000000078f700000, 0x000000078f700000|
| 248|0x000000078f800000, 0x000000078f800000, 0x000000078f900000|  0%| F|  |TS 27|AC  0|TAMS 0x000000078f800000, 0x000000078f800000|
| 249|0x000000078f900000, 0x000000078f900000, 0x000000078fa00000|  0%| F|  |TS 27|AC  0|TAMS 0x000000078f900000, 0x000000078f900000|
| 250|0x000000078fa00000, 0x000000078fa00000, 0x000000078fb00000|  0%| F|  |TS 27|AC  0|TAMS 0x000000078fa00000, 0x000000078fa00000|
| 251|0x000000078fb00000, 0x000000078fb00000, 0x000000078fc00000|  0%| F|  |TS 27|AC  0|TAMS 0x000000078fb00000, 0x000000078fb00000|
| 252|0x000000078fc00000, 0x000000078fc00000, 0x000000078fd00000|  0%| F|  |TS 27|AC  0|TAMS 0x000000078fc00000, 0x000000078fc00000|
| 253|0x000000078fd00000, 0x000000078fd00000, 0x000000078fe00000|  0%| F|  |TS 27|AC  0|TAMS 0x000000078fd00000, 0x000000078fd00000|
| 254|0x000000078fe00000, 0x000000078fe00000, 0x000000078ff00000|  0%| F|  |TS 27|AC  0|TAMS 0x000000078fe00000, 0x000000078fe00000|
| 255|0x000000078ff00000, 0x000000078ff00000, 0x0000000790000000|  0%| F|  |TS 27|AC  0|TAMS 0x000000078ff00000, 0x000000078ff00000|
| 256|0x0000000790000000, 0x0000000790000000, 0x0000000790100000|  0%| F|  |TS 27|AC  0|TAMS 0x0000000790000000, 0x0000000790000000|
| 257|0x0000000790100000, 0x0000000790100000, 0x0000000790200000|  0%| F|  |TS 27|AC  0|TAMS 0x0000000790100000, 0x0000000790100000|
| 258|0x0000000790200000, 0x0000000790200000, 0x0000000790300000|  0%| F|  |TS 27|AC  0|TAMS 0x0000000790200000, 0x0000000790200000|
| 259|0x0000000790300000, 0x0000000790300000, 0x0000000790400000|  0%| F|  |TS 27|AC  0|TAMS 0x0000000790300000, 0x0000000790300000|
| 260|0x0000000790400000, 0x0000000790400000, 0x0000000790500000|  0%| F|  |TS 27|AC  0|TAMS 0x0000000790400000, 0x0000000790400000|
| 261|0x0000000790500000, 0x0000000790500000, 0x0000000790600000|  0%| F|  |TS 27|AC  0|TAMS 0x0000000790500000, 0x0000000790500000|
| 262|0x0000000790600000, 0x0000000790600000, 0x0000000790700000|  0%| F|  |TS 27|AC  0|TAMS 0x0000000790600000, 0x0000000790600000|
| 263|0x0000000790700000, 0x0000000790700000, 0x0000000790800000|  0%| F|  |TS 27|AC  0|TAMS 0x0000000790700000, 0x0000000790700000|
| 264|0x0000000790800000, 0x0000000790800000, 0x0000000790900000|  0%| F|  |TS 27|AC  0|TAMS 0x0000000790800000, 0x0000000790800000|
| 265|0x0000000790900000, 0x0000000790900000, 0x0000000790a00000|  0%| F|  |TS 27|AC  0|TAMS 0x0000000790900000, 0x0000000790900000|
| 266|0x0000000790a00000, 0x0000000790a00000, 0x0000000790b00000|  0%| F|  |TS 27|AC  0|TAMS 0x0000000790a00000, 0x0000000790a00000|
| 267|0x0000000790b00000, 0x0000000790b00000, 0x0000000790c00000|  0%| F|  |TS 27|AC  0|TAMS 0x0000000790b00000, 0x0000000790b00000|
| 268|0x0000000790c00000, 0x0000000790c00000, 0x0000000790d00000|  0%| F|  |TS 27|AC  0|TAMS 0x0000000790c00000, 0x0000000790c00000|
| 269|0x0000000790d00000, 0x0000000790d00000, 0x0000000790e00000|  0%| F|  |TS 27|AC  0|TAMS 0x0000000790d00000, 0x0000000790d00000|
| 270|0x0000000790e00000, 0x0000000790e00000, 0x0000000790f00000|  0%| F|  |TS 27|AC  0|TAMS 0x0000000790e00000, 0x0000000790e00000|
| 271|0x0000000790f00000, 0x0000000790f00000, 0x0000000791000000|  0%| F|  |TS 27|AC  0|TAMS 0x0000000790f00000, 0x0000000790f00000|
| 272|0x0000000791000000, 0x0000000791000000, 0x0000000791100000|  0%| F|  |TS 27|AC  0|TAMS 0x0000000791000000, 0x0000000791000000|
| 273|0x0000000791100000, 0x0000000791100000, 0x0000000791200000|  0%| F|  |TS 27|AC  0|TAMS 0x0000000791100000, 0x0000000791100000|
| 274|0x0000000791200000, 0x0000000791200000, 0x0000000791300000|  0%| F|  |TS 27|AC  0|TAMS 0x0000000791200000, 0x0000000791200000|
| 275|0x0000000791300000, 0x0000000791300000, 0x0000000791400000|  0%| F|  |TS 27|AC  0|TAMS 0x0000000791300000, 0x0000000791300000|
| 276|0x0000000791400000, 0x0000000791400000, 0x0000000791500000|  0%| F|  |TS 27|AC  0|TAMS 0x0000000791400000, 0x0000000791400000|
| 277|0x0000000791500000, 0x0000000791500000, 0x0000000791600000|  0%| F|  |TS 27|AC  0|TAMS 0x0000000791500000, 0x0000000791500000|
| 278|0x0000000791600000, 0x0000000791600000, 0x0000000791700000|  0%| F|  |TS 27|AC  0|TAMS 0x0000000791600000, 0x0000000791600000|
| 279|0x0000000791700000, 0x0000000791700000, 0x0000000791800000|  0%| F|  |TS 27|AC  0|TAMS 0x0000000791700000, 0x0000000791700000|
| 280|0x0000000791800000, 0x0000000791800000, 0x0000000791900000|  0%| F|  |TS 27|AC  0|TAMS 0x0000000791800000, 0x0000000791800000|
| 281|0x0000000791900000, 0x0000000791900000, 0x0000000791a00000|  0%| F|  |TS 27|AC  0|TAMS 0x0000000791900000, 0x0000000791900000|
| 282|0x0000000791a00000, 0x0000000791a00000, 0x0000000791b00000|  0%| F|  |TS 27|AC  0|TAMS 0x0000000791a00000, 0x0000000791a00000|
| 283|0x0000000791b00000, 0x0000000791b00000, 0x0000000791c00000|  0%| F|  |TS 27|AC  0|TAMS 0x0000000791b00000, 0x0000000791b00000|
| 284|0x0000000791c00000, 0x0000000791c00000, 0x0000000791d00000|  0%| F|  |TS 27|AC  0|TAMS 0x0000000791c00000, 0x0000000791c00000|
| 285|0x0000000791d00000, 0x0000000791d00000, 0x0000000791e00000|  0%| F|  |TS 27|AC  0|TAMS 0x0000000791d00000, 0x0000000791d00000|
| 286|0x0000000791e00000, 0x0000000791e00000, 0x0000000791f00000|  0%| F|  |TS 27|AC  0|TAMS 0x0000000791e00000, 0x0000000791e00000|
| 287|0x0000000791f00000, 0x0000000791f00000, 0x0000000792000000|  0%| F|  |TS 27|AC  0|TAMS 0x0000000791f00000, 0x0000000791f00000|
| 288|0x0000000792000000, 0x0000000792000000, 0x0000000792100000|  0%| F|  |TS 27|AC  0|TAMS 0x0000000792000000, 0x0000000792000000|
| 289|0x0000000792100000, 0x0000000792100000, 0x0000000792200000|  0%| F|  |TS 27|AC  0|TAMS 0x0000000792100000, 0x0000000792100000|
| 290|0x0000000792200000, 0x0000000792200000, 0x0000000792300000|  0%| F|  |TS 27|AC  0|TAMS 0x0000000792200000, 0x0000000792200000|
| 291|0x0000000792300000, 0x0000000792300000, 0x0000000792400000|  0%| F|  |TS 27|AC  0|TAMS 0x0000000792300000, 0x0000000792300000|
| 292|0x0000000792400000, 0x0000000792400000, 0x0000000792500000|  0%| F|  |TS 27|AC  0|TAMS 0x0000000792400000, 0x0000000792400000|
| 293|0x0000000792500000, 0x0000000792500000, 0x0000000792600000|  0%| F|  |TS 27|AC  0|TAMS 0x0000000792500000, 0x0000000792500000|
| 294|0x0000000792600000, 0x0000000792600000, 0x0000000792700000|  0%| F|  |TS 27|AC  0|TAMS 0x0000000792600000, 0x0000000792600000|
| 295|0x0000000792700000, 0x0000000792800000, 0x0000000792800000|100%| E|  |TS 27|AC  0|TAMS 0x0000000792700000, 0x0000000792700000|
| 296|0x0000000792800000, 0x0000000792900000, 0x0000000792900000|100%| E|CS|TS 27|AC  0|TAMS 0x0000000792800000, 0x0000000792800000|
| 297|0x0000000792900000, 0x0000000792a00000, 0x0000000792a00000|100%| E|CS|TS 27|AC  0|TAMS 0x0000000792900000, 0x0000000792900000|
| 298|0x0000000792a00000, 0x0000000792b00000, 0x0000000792b00000|100%| E|CS|TS 27|AC  0|TAMS 0x0000000792a00000, 0x0000000792a00000|
| 299|0x0000000792b00000, 0x0000000792c00000, 0x0000000792c00000|100%| E|CS|TS 27|AC  0|TAMS 0x0000000792b00000, 0x0000000792b00000|
| 300|0x0000000792c00000, 0x0000000792d00000, 0x0000000792d00000|100%| E|CS|TS 27|AC  0|TAMS 0x0000000792c00000, 0x0000000792c00000|
| 301|0x0000000792d00000, 0x0000000792e00000, 0x0000000792e00000|100%| E|CS|TS 27|AC  0|TAMS 0x0000000792d00000, 0x0000000792d00000|
| 302|0x0000000792e00000, 0x0000000792f00000, 0x0000000792f00000|100%| E|CS|TS 27|AC  0|TAMS 0x0000000792e00000, 0x0000000792e00000|
| 303|0x0000000792f00000, 0x0000000793000000, 0x0000000793000000|100%| E|CS|TS 27|AC  0|TAMS 0x0000000792f00000, 0x0000000792f00000|
| 304|0x0000000793000000, 0x0000000793100000, 0x0000000793100000|100%| E|CS|TS 27|AC  0|TAMS 0x0000000793000000, 0x0000000793000000|

Card table byte_map: [0x00000001086e6000,0x00000001088e6000] byte_map_base: 0x0000000104ae6000

Marking Bits (Prev, Next): (CMBitMap*) 0x00007fdaba040260, (CMBitMap*) 0x00007fdaba040298
 Prev Bits: [0x0000000108ae6000, 0x0000000109ae6000)
 Next Bits: [0x0000000109ae6000, 0x000000010aae6000)

Polling page: 0x000000010677d000

CodeHeap 'non-profiled nmethods': size=120032Kb used=574Kb max_used=574Kb free=119457Kb
 bounds [0x0000000122c6f000, 0x0000000122edf000, 0x000000012a1a7000]
CodeHeap 'profiled nmethods': size=120032Kb used=1334Kb max_used=1334Kb free=118697Kb
 bounds [0x000000011b737000, 0x000000011b9a7000, 0x0000000122c6f000]
CodeHeap 'non-nmethods': size=5696Kb used=1111Kb max_used=1140Kb free=4584Kb
 bounds [0x000000011b1a7000, 0x000000011b417000, 0x000000011b737000]
 total_blobs=1446 nmethods=754 adapters=268
 compilation: enabled

Compilation events (10 events):
Event: 6.805 Thread 0x00007fdaba04c000 nmethod 760 0x0000000122cfd210 code [0x0000000122cfd3a0, 0x0000000122cfd5d8]
Event: 6.806 Thread 0x00007fdaba85d800 nmethod 759 0x0000000122cfd710 code [0x0000000122cfd8c0, 0x0000000122cfdb98]
Event: 6.905 Thread 0x00007fdaba04c000  761       4       TableEntry::<init> (33 bytes)
Event: 6.905 Thread 0x00007fdaba85d800  762       4       java.util.ArrayList::set (24 bytes)
Event: 6.909 Thread 0x00007fdaba04c000 nmethod 761 0x0000000122cfdd90 code [0x0000000122cfdf20, 0x0000000122cfe178]
Event: 6.910 Thread 0x00007fdaba85d800 nmethod 762 0x0000000122cfe290 code [0x0000000122cfe440, 0x0000000122cfe6d8]
Event: 14.005 Thread 0x00007fdab9839000  763       1       java.util.concurrent.atomic.AtomicLong::get (5 bytes)
Event: 14.005 Thread 0x00007fdab9839000 nmethod 763 0x0000000122cfe810 code [0x0000000122cfe9c0, 0x0000000122cfead0]
Event: 14.217 Thread 0x00007fdab9839000  764       3       java.util.concurrent.atomic.AtomicLong::compareAndSet (13 bytes)
Event: 14.217 Thread 0x00007fdab9839000 nmethod 764 0x000000011b884790 code [0x000000011b884940, 0x000000011b884ab0]

GC Heap History (10 events):
Event: 5.539 GC heap before
{Heap before GC invocations=22 (full 0):
 garbage-first heap   total 212992K, used 160279K [0x0000000780000000, 0x00000007c0000000)
  region size 1024K, 121 young (123904K), 10 survivors (10240K)
 Metaspace       used 7567K, capacity 7639K, committed 7936K, reserved 1056768K
  class space    used 608K, capacity 652K, committed 768K, reserved 1048576K
}
Event: 5.549 GC heap after
{Heap after GC invocations=23 (full 0):
 garbage-first heap   total 212992K, used 51066K [0x0000000780000000, 0x00000007c0000000)
  region size 1024K, 11 young (11264K), 11 survivors (11264K)
 Metaspace       used 7567K, capacity 7639K, committed 7936K, reserved 1056768K
  class space    used 608K, capacity 652K, committed 768K, reserved 1048576K
}
Event: 5.634 GC heap before
{Heap before GC invocations=23 (full 0):
 garbage-first heap   total 212992K, used 166778K [0x0000000780000000, 0x00000007c0000000)
  region size 1024K, 124 young (126976K), 11 survivors (11264K)
 Metaspace       used 7567K, capacity 7639K, committed 7936K, reserved 1056768K
  class space    used 608K, capacity 652K, committed 768K, reserved 1048576K
}
Event: 5.644 GC heap after
{Heap after GC invocations=24 (full 0):
 garbage-first heap   total 212992K, used 55742K [0x0000000780000000, 0x00000007c0000000)
  region size 1024K, 13 young (13312K), 13 survivors (13312K)
 Metaspace       used 7567K, capacity 7639K, committed 7936K, reserved 1056768K
  class space    used 608K, capacity 652K, committed 768K, reserved 1048576K
}
Event: 5.719 GC heap before
{Heap before GC invocations=24 (full 0):
 garbage-first heap   total 212992K, used 171454K [0x0000000780000000, 0x00000007c0000000)
  region size 1024K, 124 young (126976K), 13 survivors (13312K)
 Metaspace       used 7567K, capacity 7639K, committed 7936K, reserved 1056768K
  class space    used 608K, capacity 652K, committed 768K, reserved 1048576K
}
Event: 5.735 GC heap after
{Heap after GC invocations=25 (full 0):
 garbage-first heap   total 312320K, used 62275K [0x0000000780000000, 0x00000007c0000000)
  region size 1024K, 13 young (13312K), 13 survivors (13312K)
 Metaspace       used 7567K, capacity 7639K, committed 7936K, reserved 1056768K
  class space    used 608K, capacity 652K, committed 768K, reserved 1048576K
}
Event: 5.972 GC heap before
{Heap before GC invocations=25 (full 0):
 garbage-first heap   total 312320K, used 226115K [0x0000000780000000, 0x00000007c0000000)
  region size 1024K, 173 young (177152K), 13 survivors (13312K)
 Metaspace       used 7567K, capacity 7639K, committed 7936K, reserved 1056768K
  class space    used 608K, capacity 652K, committed 768K, reserved 1048576K
}
Event: 6.046 GC heap after
{Heap after GC invocations=26 (full 0):
 garbage-first heap   total 312320K, used 68075K [0x0000000780000000, 0x00000007c0000000)
  region size 1024K, 15 young (15360K), 15 survivors (15360K)
 Metaspace       used 7567K, capacity 7639K, committed 7936K, reserved 1056768K
  class space    used 608K, capacity 652K, committed 768K, reserved 1048576K
}
Event: 12.371 GC heap before
{Heap before GC invocations=26 (full 0):
 garbage-first heap   total 312320K, used 240107K [0x0000000780000000, 0x00000007c0000000)
  region size 1024K, 183 young (187392K), 15 survivors (15360K)
 Metaspace       used 7656K, capacity 7799K, committed 7936K, reserved 1056768K
  class space    used 614K, capacity 684K, committed 768K, reserved 1048576K
}
Event: 12.393 GC heap after
{Heap after GC invocations=27 (full 0):
 garbage-first heap   total 312320K, used 80252K [0x0000000780000000, 0x00000007c0000000)
  region size 1024K, 22 young (22528K), 22 survivors (22528K)
 Metaspace       used 7656K, capacity 7799K, committed 7936K, reserved 1056768K
  class space    used 614K, capacity 684K, committed 768K, reserved 1048576K
}

Deoptimization events (10 events):
Event: 6.131 Thread 0x00007fdaba805800 Uncommon trap: reason=unstable_if action=reinterpret pc=0x0000000122ce8cfc method=java.nio.charset.CharsetDecoder.decode(Ljava/nio/ByteBuffer;Ljava/nio/CharBuffer;Z)Ljava/nio/charset/CoderResult; @ 1 c2
Event: 6.131 Thread 0x00007fdaba805800 Uncommon trap: reason=unstable_if action=reinterpret pc=0x0000000122cc6bc8 method=java.util.Scanner.readInput()V @ 14 c2
Event: 6.131 Thread 0x00007fdaba805800 Uncommon trap: reason=unstable_if action=reinterpret pc=0x0000000122cec554 method=java.nio.charset.CharsetDecoder.decode(Ljava/nio/ByteBuffer;Ljava/nio/CharBuffer;Z)Ljava/nio/charset/CoderResult; @ 15 c2
Event: 6.131 Thread 0x00007fdaba805800 Uncommon trap: reason=unstable_if action=reinterpret pc=0x0000000122cdeb40 method=java.util.Scanner.findPatternInBuffer(Ljava/util/regex/Pattern;I)Z @ 88 c2
Event: 6.131 Thread 0x00007fdaba805800 Uncommon trap: reason=unstable_if action=reinterpret pc=0x0000000122ccdfac method=java.lang.StringUTF16.compress([CII)[B @ 13 c2
Event: 6.131 Thread 0x00007fdaba805800 Uncommon trap: reason=unstable_if action=reinterpret pc=0x0000000122cd7938 method=java.util.regex.Matcher$ImmutableMatchResult.group(I)Ljava/lang/String; @ 52 c2
Event: 6.131 Thread 0x00007fdaba805800 Uncommon trap: reason=unstable_if action=reinterpret pc=0x0000000122ce54d0 method=java.lang.String.trim()Ljava/lang/String; @ 4 c2
Event: 6.132 Thread 0x00007fdaba805800 Uncommon trap: reason=unstable_if action=reinterpret pc=0x0000000122cc21a8 method=java.util.Scanner.hasNext()Z @ 22 c2
Event: 6.143 Thread 0x00007fdaba805800 Uncommon trap: reason=unstable_if action=reinterpret pc=0x0000000122c7ac54 method=java.util.HashMap.putVal(ILjava/lang/Object;Ljava/lang/Object;ZZ)Ljava/lang/Object; @ 69 c2
Event: 6.271 Thread 0x00007fdaba805800 Uncommon trap: reason=unstable_if action=reinterpret pc=0x0000000122cf7020 method=SourceWithCount.getSpreaders(Ljava/util/ArrayList;)Ljava/util/HashMap; @ 19 c2

Classes redefined (2 events):
Event: 160.719 Thread 0x00007fdaba00a800 redefined class name=TopKidentifier, count=1
Event: 345.297 Thread 0x00007fdaba00a800 redefined class name=TopKidentifier, count=2

Internal exceptions (3 events):
Event: 0.860 Thread 0x00007fdaba805800 Exception <a 'java/lang/NoSuchMethodError'{0x0000000783c70908}: java.lang.Object.lambda$negate$3(I)Z> (0x0000000783c70908) thrown at [/scratch/mesos/slaves/450fa0f5-8733-43f8-b866-79fe3e86d200-S3216/frameworks/1735e8a2-a1db-478c-8104-60c8b0af87dd-0196/exe
Event: 0.861 Thread 0x00007fdaba805800 Exception <a 'java/lang/NoSuchMethodError'{0x0000000783c73c28}: java.lang.Object.lambda$and$0(Ljava/util/regex/Pattern$CharPredicate;I)Z> (0x0000000783c73c28) thrown at [/scratch/mesos/slaves/450fa0f5-8733-43f8-b866-79fe3e86d200-S3216/frameworks/1735e8a2-
Event: 1.048 Thread 0x00007fdaba805800 Exception <a 'java/lang/NoSuchMethodError'{0x0000000783b61ad8}: java.lang.Object.lambda$union$2(Ljava/util/regex/Pattern$CharPredicate;I)Z> (0x0000000783b61ad8) thrown at [/scratch/mesos/slaves/450fa0f5-8733-43f8-b866-79fe3e86d200-S3216/frameworks/1735e8a

Events (10 events):
Event: 345.313 Executing VM operation: RedefineClasses done
Event: 345.319 Executing VM operation: GetFrameCount
Event: 345.319 Executing VM operation: GetFrameCount done
Event: 345.324 Executing VM operation: GetFrameCount
Event: 345.324 Executing VM operation: GetFrameCount done
Event: 345.324 Executing VM operation: GetFrameLocation
Event: 345.324 Executing VM operation: GetFrameLocation done
Event: 345.526 Executing VM operation: ChangeBreakpoints
Event: 345.526 Executing VM operation: ChangeBreakpoints done
Event: 345.946 Executing VM operation: GetOrSetLocal


Dynamic libraries:
0x00007fff487cc000 	/System/Library/Frameworks/Cocoa.framework/Versions/A/Cocoa
0x00007fff54de8000 	/System/Library/Frameworks/Security.framework/Versions/A/Security
0x00007fff4740d000 	/System/Library/Frameworks/ApplicationServices.framework/Versions/A/ApplicationServices
0x00007fff70d20000 	/usr/lib/libz.1.dylib
0x00007fff6ec51000 	/usr/lib/libSystem.B.dylib
0x00007fff48f7f000 	/System/Library/Frameworks/CoreFoundation.framework/Versions/A/CoreFoundation
0x00007fff4b0e1000 	/System/Library/Frameworks/Foundation.framework/Versions/C/Foundation
0x00007fff7030a000 	/usr/lib/libobjc.A.dylib
0x00007fff4655d000 	/System/Library/Frameworks/AppKit.framework/Versions/C/AppKit
0x00007fff48b44000 	/System/Library/Frameworks/CoreData.framework/Versions/A/CoreData
0x00007fff6850a000 	/System/Library/PrivateFrameworks/RemoteViewServices.framework/Versions/A/RemoteViewServices
0x00007fff6cc83000 	/System/Library/PrivateFrameworks/UIFoundation.framework/Versions/A/UIFoundation
0x00007fff5d2fe000 	/System/Library/PrivateFrameworks/DFRFoundation.framework/Versions/A/DFRFoundation
0x00007fff4d74e000 	/System/Library/Frameworks/Metal.framework/Versions/A/Metal
0x00007fff5d49b000 	/System/Library/PrivateFrameworks/DesktopServicesPriv.framework/Versions/A/DesktopServicesPriv
0x00007fff6f857000 	/usr/lib/libenergytrace.dylib
0x00007fff6acef000 	/System/Library/PrivateFrameworks/SkyLight.framework/Versions/A/SkyLight
0x00007fff49422000 	/System/Library/Frameworks/CoreGraphics.framework/Versions/A/CoreGraphics
0x00007fff6ec4c000 	/usr/lib/libScreenReader.dylib
0x00007fff454f7000 	/System/Library/Frameworks/Accelerate.framework/Versions/A/Accelerate
0x00007fff4b85c000 	/System/Library/Frameworks/IOSurface.framework/Versions/A/IOSurface
0x00007fff47957000 	/System/Library/Frameworks/AudioToolbox.framework/Versions/A/AudioToolbox
0x00007fff47be7000 	/System/Library/Frameworks/AudioUnit.framework/Versions/A/AudioUnit
0x00007fff5d396000 	/System/Library/PrivateFrameworks/DataDetectorsCore.framework/Versions/A/DataDetectorsCore
0x00007fff482bf000 	/System/Library/Frameworks/Carbon.framework/Versions/A/Frameworks/HIToolbox.framework/Versions/A/HIToolbox
0x00007fff6f9b1000 	/usr/lib/libicucore.A.dylib
0x00007fff54366000 	/System/Library/Frameworks/QuartzCore.framework/Versions/A/QuartzCore
0x00007fff69f91000 	/System/Library/PrivateFrameworks/SignpostNotification.framework/Versions/A/SignpostNotification
0x00007fff486a5000 	/System/Library/Frameworks/Carbon.framework/Versions/A/Frameworks/SpeechRecognition.framework/Versions/A/SpeechRecognition
0x00007fff6edad000 	/usr/lib/libauto.dylib
0x00007fff70c0f000 	/usr/lib/libxml2.2.dylib
0x00007fff5cf4e000 	/System/Library/PrivateFrameworks/CoreUI.framework/Versions/A/CoreUI
0x00007fff48a20000 	/System/Library/Frameworks/CoreAudio.framework/Versions/A/CoreAudio
0x00007fff4af1b000 	/System/Library/Frameworks/DiskArbitration.framework/Versions/A/DiskArbitration
0x00007fff6fc25000 	/usr/lib/liblangid.dylib
0x00007fff64a09000 	/System/Library/PrivateFrameworks/MultitouchSupport.framework/Versions/A/MultitouchSupport
0x00007fff4b7be000 	/System/Library/Frameworks/IOKit.framework/Versions/A/IOKit
0x00007fff6e8db000 	/usr/lib/libDiagnosticMessagesClient.dylib
0x00007fff4a0f8000 	/System/Library/Frameworks/CoreServices.framework/Versions/A/CoreServices
0x00007fff66542000 	/System/Library/PrivateFrameworks/PerformanceAnalysis.framework/Versions/A/PerformanceAnalysis
0x00007fff53508000 	/System/Library/Frameworks/OpenGL.framework/Versions/A/OpenGL
0x00007fff487da000 	/System/Library/Frameworks/ColorSync.framework/Versions/A/ColorSync
0x00007fff49a34000 	/System/Library/Frameworks/CoreImage.framework/Versions/A/CoreImage
0x00007fff4aa89000 	/System/Library/Frameworks/CoreText.framework/Versions/A/CoreText
0x00007fff4b8ba000 	/System/Library/Frameworks/ImageIO.framework/Versions/A/ImageIO
0x00007fff59bfa000 	/System/Library/PrivateFrameworks/Backup.framework/Versions/A/Backup
0x00007fff6ecfd000 	/usr/lib/libarchive.2.dylib
0x00007fff47f0a000 	/System/Library/Frameworks/CFNetwork.framework/Versions/A/CFNetwork
0x00007fff5557b000 	/System/Library/Frameworks/SystemConfiguration.framework/Versions/A/SystemConfiguration
0x00007fff6e804000 	/usr/lib/libCRFSuite.dylib
0x00007fff6ee86000 	/usr/lib/libc++.1.dylib
0x00007fff6eedd000 	/usr/lib/libc++abi.dylib
0x00007fff70dce000 	/usr/lib/system/libcache.dylib
0x00007fff70dd3000 	/usr/lib/system/libcommonCrypto.dylib
0x00007fff70dde000 	/usr/lib/system/libcompiler_rt.dylib
0x00007fff70de6000 	/usr/lib/system/libcopyfile.dylib
0x00007fff70df0000 	/usr/lib/system/libcorecrypto.dylib
0x00007fff70efd000 	/usr/lib/system/libdispatch.dylib
0x00007fff70f37000 	/usr/lib/system/libdyld.dylib
0x00007fff70f55000 	/usr/lib/system/libkeymgr.dylib
0x00007fff70f63000 	/usr/lib/system/liblaunch.dylib
0x00007fff70f64000 	/usr/lib/system/libmacho.dylib
0x00007fff70f69000 	/usr/lib/system/libquarantine.dylib
0x00007fff70f6c000 	/usr/lib/system/libremovefile.dylib
0x00007fff70f6e000 	/usr/lib/system/libsystem_asl.dylib
0x00007fff70f86000 	/usr/lib/system/libsystem_blocks.dylib
0x00007fff70f87000 	/usr/lib/system/libsystem_c.dylib
0x00007fff71011000 	/usr/lib/system/libsystem_configuration.dylib
0x00007fff71015000 	/usr/lib/system/libsystem_coreservices.dylib
0x00007fff71019000 	/usr/lib/system/libsystem_darwin.dylib
0x00007fff7101b000 	/usr/lib/system/libsystem_dnssd.dylib
0x00007fff71022000 	/usr/lib/system/libsystem_info.dylib
0x00007fff71093000 	/usr/lib/system/libsystem_m.dylib
0x00007fff710df000 	/usr/lib/system/libsystem_malloc.dylib
0x00007fff710ff000 	/usr/lib/system/libsystem_network.dylib
0x00007fff71230000 	/usr/lib/system/libsystem_networkextension.dylib
0x00007fff7123b000 	/usr/lib/system/libsystem_notify.dylib
0x00007fff71259000 	/usr/lib/system/libsystem_sandbox.dylib
0x00007fff7125d000 	/usr/lib/system/libsystem_secinit.dylib
0x00007fff7106c000 	/usr/lib/system/libsystem_kernel.dylib
0x00007fff71245000 	/usr/lib/system/libsystem_platform.dylib
0x00007fff7124d000 	/usr/lib/system/libsystem_pthread.dylib
0x00007fff7125f000 	/usr/lib/system/libsystem_symptoms.dylib
0x00007fff71267000 	/usr/lib/system/libsystem_trace.dylib
0x00007fff7127c000 	/usr/lib/system/libunwind.dylib
0x00007fff71282000 	/usr/lib/system/libxpc.dylib
0x00007fff6e717000 	/usr/lib/closure/libclosured.dylib
0x00007fff6ee67000 	/usr/lib/libbsm.0.dylib
0x00007fff70f56000 	/usr/lib/system/libkxld.dylib
0x00007fff6eb15000 	/usr/lib/libOpenScriptingUtil.dylib
0x00007fff6f1d6000 	/usr/lib/libcoretls.dylib
0x00007fff6f1ef000 	/usr/lib/libcoretls_cfhelpers.dylib
0x00007fff7070b000 	/usr/lib/libpam.2.dylib
0x00007fff70832000 	/usr/lib/libsqlite3.dylib
0x00007fff70bfe000 	/usr/lib/libxar.1.dylib
0x00007fff6ee78000 	/usr/lib/libbz2.1.0.dylib
0x00007fff6fc27000 	/usr/lib/liblzma.5.dylib
0x00007fff70108000 	/usr/lib/libnetwork.dylib
0x00007fff6ece6000 	/usr/lib/libapple_nghttp2.dylib
0x00007fff70712000 	/usr/lib/libpcap.A.dylib
0x00007fff6edae000 	/usr/lib/libboringssl.dylib
0x00007fff70b99000 	/usr/lib/libusrtcp.dylib
0x00007fff6ece5000 	/usr/lib/libapple_crypto.dylib
0x00007fff4a47b000 	/System/Library/Frameworks/CoreServices.framework/Versions/A/Frameworks/FSEvents.framework/Versions/A/FSEvents
0x00007fff4a16e000 	/System/Library/Frameworks/CoreServices.framework/Versions/A/Frameworks/CarbonCore.framework/Versions/A/CarbonCore
0x00007fff4a643000 	/System/Library/Frameworks/CoreServices.framework/Versions/A/Frameworks/Metadata.framework/Versions/A/Metadata
0x00007fff4a6f4000 	/System/Library/Frameworks/CoreServices.framework/Versions/A/Frameworks/OSServices.framework/Versions/A/OSServices
0x00007fff4a755000 	/System/Library/Frameworks/CoreServices.framework/Versions/A/Frameworks/SearchKit.framework/Versions/A/SearchKit
0x00007fff4a0f9000 	/System/Library/Frameworks/CoreServices.framework/Versions/A/Frameworks/AE.framework/Versions/A/AE
0x00007fff4a484000 	/System/Library/Frameworks/CoreServices.framework/Versions/A/Frameworks/LaunchServices.framework/Versions/A/LaunchServices
0x00007fff4a446000 	/System/Library/Frameworks/CoreServices.framework/Versions/A/Frameworks/DictionaryServices.framework/Versions/A/DictionaryServices
0x00007fff4a7c4000 	/System/Library/Frameworks/CoreServices.framework/Versions/A/Frameworks/SharedFileList.framework/Versions/A/SharedFileList
0x00007fff4e984000 	/System/Library/Frameworks/NetFS.framework/Versions/A/NetFS
0x00007fff64c9a000 	/System/Library/PrivateFrameworks/NetAuth.framework/Versions/A/NetAuth
0x00007fff6e5ae000 	/System/Library/PrivateFrameworks/login.framework/Versions/A/Frameworks/loginsupport.framework/Versions/A/loginsupport
0x00007fff6c900000 	/System/Library/PrivateFrameworks/TCC.framework/Versions/A/TCC
0x00007fff6fd08000 	/usr/lib/libmecabra.dylib
0x00007fff4740e000 	/System/Library/Frameworks/ApplicationServices.framework/Versions/A/Frameworks/ATS.framework/Versions/A/ATS
0x00007fff477bc000 	/System/Library/Frameworks/ApplicationServices.framework/Versions/A/Frameworks/ColorSyncLegacy.framework/Versions/A/ColorSyncLegacy
0x00007fff47860000 	/System/Library/Frameworks/ApplicationServices.framework/Versions/A/Frameworks/HIServices.framework/Versions/A/HIServices
0x00007fff478b3000 	/System/Library/Frameworks/ApplicationServices.framework/Versions/A/Frameworks/LangAnalysis.framework/Versions/A/LangAnalysis
0x00007fff478c2000 	/System/Library/Frameworks/ApplicationServices.framework/Versions/A/Frameworks/PrintCore.framework/Versions/A/PrintCore
0x00007fff4790f000 	/System/Library/Frameworks/ApplicationServices.framework/Versions/A/Frameworks/QD.framework/Versions/A/QD
0x00007fff4794a000 	/System/Library/Frameworks/ApplicationServices.framework/Versions/A/Frameworks/SpeechSynthesis.framework/Versions/A/SpeechSynthesis
0x00007fff48e9b000 	/System/Library/Frameworks/CoreDisplay.framework/Versions/A/CoreDisplay
0x00007fff4550f000 	/System/Library/Frameworks/Accelerate.framework/Versions/A/Frameworks/vImage.framework/Versions/A/vImage
0x00007fff46269000 	/System/Library/Frameworks/Accelerate.framework/Versions/A/Frameworks/vecLib.framework/Versions/A/vecLib
0x00007fff46009000 	/System/Library/Frameworks/Accelerate.framework/Versions/A/Frameworks/vecLib.framework/Versions/A/libvDSP.dylib
0x00007fff45b69000 	/System/Library/Frameworks/Accelerate.framework/Versions/A/Frameworks/vecLib.framework/Versions/A/libBNNS.dylib
0x00007fff45f6e000 	/System/Library/Frameworks/Accelerate.framework/Versions/A/Frameworks/vecLib.framework/Versions/A/libQuadrature.dylib
0x00007fff461b7000 	/System/Library/Frameworks/Accelerate.framework/Versions/A/Frameworks/vecLib.framework/Versions/A/libvMisc.dylib
0x00007fff45b98000 	/System/Library/Frameworks/Accelerate.framework/Versions/A/Frameworks/vecLib.framework/Versions/A/libLAPACK.dylib
0x00007fff45a0e000 	/System/Library/Frameworks/Accelerate.framework/Versions/A/Frameworks/vecLib.framework/Versions/A/libBLAS.dylib
0x00007fff45f58000 	/System/Library/Frameworks/Accelerate.framework/Versions/A/Frameworks/vecLib.framework/Versions/A/libLinearAlgebra.dylib
0x00007fff45f74000 	/System/Library/Frameworks/Accelerate.framework/Versions/A/Frameworks/vecLib.framework/Versions/A/libSparse.dylib
0x00007fff45ff5000 	/System/Library/Frameworks/Accelerate.framework/Versions/A/Frameworks/vecLib.framework/Versions/A/libSparseBLAS.dylib
0x00007fff61ada000 	/System/Library/PrivateFrameworks/GPUWrangler.framework/Versions/A/GPUWrangler
0x00007fff6326b000 	/System/Library/PrivateFrameworks/IOAccelerator.framework/Versions/A/IOAccelerator
0x00007fff63276000 	/System/Library/PrivateFrameworks/IOPresentment.framework/Versions/A/IOPresentment
0x00007fff5d310000 	/System/Library/PrivateFrameworks/DSExternalDisplay.framework/Versions/A/DSExternalDisplay
0x00007fff52987000 	/System/Library/Frameworks/OpenGL.framework/Versions/A/Libraries/libCoreFSCache.dylib
0x00007fff4abda000 	/System/Library/Frameworks/CoreVideo.framework/Versions/A/CoreVideo
0x00007fff62855000 	/System/Library/PrivateFrameworks/GraphVisualizer.framework/Versions/A/GraphVisualizer
0x00007fff4d985000 	/System/Library/Frameworks/MetalPerformanceShaders.framework/Versions/A/MetalPerformanceShaders
0x00007fff6e913000 	/usr/lib/libFosl_dynamic.dylib
0x00007fff5e3e4000 	/System/Library/PrivateFrameworks/FaceCore.framework/Versions/A/FaceCore
0x00007fff51782000 	/System/Library/Frameworks/OpenCL.framework/Versions/A/OpenCL
0x00007fff6ef14000 	/usr/lib/libcompression.dylib
0x00007fff4750d000 	/System/Library/Frameworks/ApplicationServices.framework/Versions/A/Frameworks/ATS.framework/Versions/A/Resources/libFontParser.dylib
0x00007fff47630000 	/System/Library/Frameworks/ApplicationServices.framework/Versions/A/Frameworks/ATS.framework/Versions/A/Resources/libFontRegistry.dylib
0x00007fff4bb22000 	/System/Library/Frameworks/ImageIO.framework/Versions/A/Resources/libJPEG.dylib
0x00007fff4be4b000 	/System/Library/Frameworks/ImageIO.framework/Versions/A/Resources/libTIFF.dylib
0x00007fff4be21000 	/System/Library/Frameworks/ImageIO.framework/Versions/A/Resources/libPng.dylib
0x00007fff4ba35000 	/System/Library/Frameworks/ImageIO.framework/Versions/A/Resources/libGIF.dylib
0x00007fff4ba3a000 	/System/Library/Frameworks/ImageIO.framework/Versions/A/Resources/libJP2.dylib
0x00007fff4be48000 	/System/Library/Frameworks/ImageIO.framework/Versions/A/Resources/libRadiance.dylib
0x00007fff59324000 	/System/Library/PrivateFrameworks/AppleJPEG.framework/Versions/A/AppleJPEG
0x00007fff4d7ec000 	/System/Library/Frameworks/MetalPerformanceShaders.framework/Frameworks/MPSCore.framework/Versions/A/MPSCore
0x00007fff4d808000 	/System/Library/Frameworks/MetalPerformanceShaders.framework/Frameworks/MPSImage.framework/Versions/A/MPSImage
0x00007fff4d89d000 	/System/Library/Frameworks/MetalPerformanceShaders.framework/Frameworks/MPSNeuralNetwork.framework/Versions/A/MPSNeuralNetwork
0x00007fff4d878000 	/System/Library/Frameworks/MetalPerformanceShaders.framework/Frameworks/MPSMatrix.framework/Versions/A/MPSMatrix
0x00007fff6476c000 	/System/Library/PrivateFrameworks/MetalTools.framework/Versions/A/MetalTools
0x00007fff52b52000 	/System/Library/Frameworks/OpenGL.framework/Versions/A/Libraries/libGLU.dylib
0x00007fff52992000 	/System/Library/Frameworks/OpenGL.framework/Versions/A/Libraries/libGFXShared.dylib
0x00007fff5299c000 	/System/Library/Frameworks/OpenGL.framework/Versions/A/Libraries/libGL.dylib
0x00007fff529a8000 	/System/Library/Frameworks/OpenGL.framework/Versions/A/Libraries/libGLImage.dylib
0x00007fff52984000 	/System/Library/Frameworks/OpenGL.framework/Versions/A/Libraries/libCVMSPluginSupport.dylib
0x00007fff5298d000 	/System/Library/Frameworks/OpenGL.framework/Versions/A/Libraries/libCoreVMClient.dylib
0x00007fff6f6c1000 	/usr/lib/libcups.2.dylib
0x00007fff4cd53000 	/System/Library/Frameworks/Kerberos.framework/Versions/A/Kerberos
0x00007fff4b518000 	/System/Library/Frameworks/GSS.framework/Versions/A/GSS
0x00007fff707c5000 	/usr/lib/libresolv.9.dylib
0x00007fff6f8bf000 	/usr/lib/libiconv.2.dylib
0x00007fff628e7000 	/System/Library/PrivateFrameworks/Heimdal.framework/Versions/A/Heimdal
0x00007fff6f88e000 	/usr/lib/libheimdal-asn1.dylib
0x00007fff517fa000 	/System/Library/Frameworks/OpenDirectory.framework/Versions/A/OpenDirectory
0x00007fff5b63b000 	/System/Library/PrivateFrameworks/CommonAuth.framework/Versions/A/CommonAuth
0x00007fff517dd000 	/System/Library/Frameworks/OpenDirectory.framework/Versions/A/Frameworks/CFOpenDirectory.framework/Versions/A/CFOpenDirectory
0x00007fff55114000 	/System/Library/Frameworks/SecurityFoundation.framework/Versions/A/SecurityFoundation
0x00007fff584e8000 	/System/Library/PrivateFrameworks/APFS.framework/Versions/A/APFS
0x00007fff70bfa000 	/usr/lib/libutil.dylib
0x00007fff593a7000 	/System/Library/PrivateFrameworks/AppleSauce.framework/Versions/A/AppleSauce
0x00007fff63a53000 	/System/Library/PrivateFrameworks/LinguisticData.framework/Versions/A/LinguisticData
0x00007fff6fc41000 	/usr/lib/libmarisa.dylib
0x00007fff63a0d000 	/System/Library/PrivateFrameworks/Lexicon.framework/Versions/A/Lexicon
0x00007fff6e83e000 	/usr/lib/libChineseTokenizer.dylib
0x00007fff6ef03000 	/usr/lib/libcmph.dylib
0x00007fff63917000 	/System/Library/PrivateFrameworks/LanguageModeling.framework/Versions/A/LanguageModeling
0x00007fff5c158000 	/System/Library/PrivateFrameworks/CoreEmoji.framework/Versions/A/CoreEmoji
0x00007fff551d2000 	/System/Library/Frameworks/ServiceManagement.framework/Versions/A/ServiceManagement
0x00007fff59bf2000 	/System/Library/PrivateFrameworks/BackgroundTaskManagement.framework/Versions/A/BackgroundTaskManagement
0x00007fff70cf7000 	/usr/lib/libxslt.1.dylib
0x00007fff485cf000 	/System/Library/Frameworks/Carbon.framework/Versions/A/Frameworks/Ink.framework/Versions/A/Ink
0x00007fff6cb15000 	/System/Library/PrivateFrameworks/TextureIO.framework/Versions/A/TextureIO
0x00007fff6ed28000 	/usr/lib/libate.dylib
0x00007fff5d26f000 	/System/Library/PrivateFrameworks/CrashReporterSupport.framework/Versions/A/CrashReporterSupport
0x00007fff69e51000 	/System/Library/PrivateFrameworks/Sharing.framework/Versions/A/Sharing
0x00007fff63658000 	/System/Library/PrivateFrameworks/IconServices.framework/Versions/A/IconServices
0x00007fff59822000 	/System/Library/PrivateFrameworks/AuthKit.framework/Versions/A/AuthKit
0x00007fff591a7000 	/System/Library/PrivateFrameworks/Apple80211.framework/Versions/A/Apple80211
0x00007fff5d084000 	/System/Library/PrivateFrameworks/CoreUtils.framework/Versions/A/CoreUtils
0x00007fff4ac15000 	/System/Library/Frameworks/CoreWLAN.framework/Versions/A/CoreWLAN
0x00007fff4b65a000 	/System/Library/Frameworks/IOBluetooth.framework/Versions/A/IOBluetooth
0x00007fff68311000 	/System/Library/PrivateFrameworks/ProtocolBuffer.framework/Versions/A/ProtocolBuffer
0x00007fff64964000 	/System/Library/PrivateFrameworks/MobileKeyBag.framework/Versions/A/MobileKeyBag
0x00007fff5c8fc000 	/System/Library/PrivateFrameworks/CorePhoneNumbers.framework/Versions/A/CorePhoneNumbers
0x00007fff592df000 	/System/Library/PrivateFrameworks/AppleIDAuthSupport.framework/Versions/A/AppleIDAuthSupport
0x00007fff63903000 	/System/Library/PrivateFrameworks/KeychainCircle.framework/Versions/A/KeychainCircle
0x00007fff5d20a000 	/System/Library/PrivateFrameworks/CoreWiFi.framework/Versions/A/CoreWiFi
0x00007fff48b1a000 	/System/Library/Frameworks/CoreBluetooth.framework/Versions/A/CoreBluetooth
0x00007fff5d45a000 	/System/Library/PrivateFrameworks/DebugSymbols.framework/Versions/A/DebugSymbols
0x00007fff5ce3a000 	/System/Library/PrivateFrameworks/CoreSymbolication.framework/Versions/A/CoreSymbolication
0x00007fff6c307000 	/System/Library/PrivateFrameworks/Symbolication.framework/Versions/A/Symbolication
0x00007fff591d1000 	/System/Library/PrivateFrameworks/AppleFSCompression.framework/Versions/A/AppleFSCompression
0x00007fff6b754000 	/System/Library/PrivateFrameworks/SpeechRecognitionCore.framework/Versions/A/SpeechRecognitionCore
0x00007fff414fa000 	/System/Library/CoreServices/Encodings/libSimplifiedChineseConverter.dylib
0x0000000107000000 	/Library/Java/JavaVirtualMachines/jdk-10.jdk/Contents/Home/lib/server/libjvm.dylib
0x00007fff70ac7000 	/usr/lib/libstdc++.6.0.9.dylib
0x000000010673b000 	/Library/Java/JavaVirtualMachines/jdk-10.jdk/Contents/Home/lib/libverify.dylib
0x0000000106748000 	/Library/Java/JavaVirtualMachines/jdk-10.jdk/Contents/Home/lib/libjava.dylib
0x000000010677f000 	/Library/Java/JavaVirtualMachines/jdk-10.jdk/Contents/Home/lib/libjdwp.dylib
0x00000001067bc000 	/Library/Java/JavaVirtualMachines/jdk-10.jdk/Contents/Home/lib/libinstrument.dylib
0x00000001067e0000 	/Library/Java/JavaVirtualMachines/jdk-10.jdk/Contents/Home/lib/libzip.dylib
0x00000001067e8000 	/Library/Java/JavaVirtualMachines/jdk-10.jdk/Contents/Home/lib/libjimage.dylib
0x000000010f4a7000 	/Library/Java/JavaVirtualMachines/jdk-10.jdk/Contents/Home/lib/libdt_socket.dylib
0x000000010f4ad000 	/Library/Java/JavaVirtualMachines/jdk-10.jdk/Contents/Home/lib/libnio.dylib
0x000000010f4bd000 	/Library/Java/JavaVirtualMachines/jdk-10.jdk/Contents/Home/lib/./libnet.dylib


VM Arguments:
jvm_args: -agentlib:jdwp=transport=dt_socket,address=127.0.0.1:49249,suspend=y,server=n -javaagent:/Users/yangrui/Library/Caches/IntelliJIdea2018.2/captureAgent/debugger-agent.jar=file:/private/var/folders/pv/s09pgfwj6fs31m6rm4ppvb6r0000gn/T/capture.props -Dfile.encoding=UTF-8 
java_command: TopKidentifier /Users/yangrui/data-130000/
java_class_path (initial): /Users/yangrui/cse222a_project/out/production/cse222a_project:/Applications/IntelliJ IDEA.app/Contents/lib/idea_rt.jar
Launcher Type: SUN_STANDARD

Logging:
Log output configuration:
#0: stdout all=warning uptime,level,tags
#1: stderr all=off uptime,level,tags

Environment Variables:
JAVA_HOME=/Library/Java/JavaVirtualMachines/jdk1.8.0_40.jdk/Contents/Home
CLASSPATH=/Library/Java/JavaVirtualMachines/jdk1.8.0_40.jdk/Contents/Home/lib/tools.jar:/Library/Java/JavaVirtualMachines/jdk1.8.0_40.jdk/Contents/Home/lib/dt.jar:.
PATH=/Library/Frameworks/Python.framework/Versions/3.6/bin:/Library/Java/JavaVirtualMachines/jdk1.8.0_40.jdk/Contents/Home/bin:/usr/local/bin:/usr/bin:/bin:/usr/sbin:/sbin:/Library/TeX/texbin:/opt/X11/bin:/Applications/Wireshark.app/Contents/MacOS:.
SHELL=/bin/bash
DISPLAY=/private/tmp/com.apple.launchd.JlzQfXhVlD/org.macosforge.xquartz:0

Signal Handlers:
SIGSEGV: [libjvm.dylib+0x799984], sa_mask[0]=11111111011111110111111111111111, sa_flags=SA_ONSTACK|SA_RESTART|SA_SIGINFO
SIGBUS: [libjvm.dylib+0x799984], sa_mask[0]=11111111011111110111111111111111, sa_flags=SA_RESTART|SA_SIGINFO
SIGFPE: [libjvm.dylib+0x799984], sa_mask[0]=11111111011111110111111111111111, sa_flags=SA_RESTART|SA_SIGINFO
SIGPIPE: [libjvm.dylib+0x6347c0], sa_mask[0]=11111111011111110111111111111111, sa_flags=SA_RESTART|SA_SIGINFO
SIGXFSZ: [libjvm.dylib+0x6347c0], sa_mask[0]=11111111011111110111111111111111, sa_flags=SA_RESTART|SA_SIGINFO
SIGILL: [libjvm.dylib+0x799984], sa_mask[0]=11111111011111110111111111111111, sa_flags=SA_RESTART|SA_SIGINFO
SIGUSR2: [libjvm.dylib+0x635050], sa_mask[0]=00100000000000000000000000000000, sa_flags=SA_RESTART|SA_SIGINFO
SIGHUP: [libjvm.dylib+0x63383b], sa_mask[0]=11111111011111110111111111111111, sa_flags=SA_RESTART|SA_SIGINFO
SIGINT: [libjvm.dylib+0x63383b], sa_mask[0]=11111111011111110111111111111111, sa_flags=SA_RESTART|SA_SIGINFO
SIGTERM: [libjvm.dylib+0x63383b], sa_mask[0]=11111111011111110111111111111111, sa_flags=SA_RESTART|SA_SIGINFO
SIGQUIT: [libjvm.dylib+0x63383b], sa_mask[0]=11111111011111110111111111111111, sa_flags=SA_RESTART|SA_SIGINFO


---------------  S Y S T E M  ---------------

OS:uname:Darwin 17.7.0 Darwin Kernel Version 17.7.0: Thu Dec 20 21:47:19 PST 2018; root:xnu-4570.71.22~1/RELEASE_X86_64 x86_64
rlimit: STACK 8192k, CORE 0k, NPROC 709, NOFILE 10240, AS infinity, DATA infinity, FSIZE infinity
load average:3.46 3.70 3.32

CPU:total 4 (initial active 4) (2 cores per cpu, 2 threads per core) family 6 model 69 stepping 1, cmov, cx8, fxsr, mmx, sse, sse2, sse3, ssse3, sse4.1, sse4.2, popcnt, avx, avx2, aes, clmul, erms, lzcnt, ht, tsc, tscinvbit, bmi1, bmi2, fma

Memory: 4k page, physical 4194304k(186316k free)

vm_info: Java HotSpot(TM) 64-Bit Server VM (10+46) for bsd-amd64 JRE (10+46), built on Mar  8 2018 02:10:00 by "mach5one" with gcc 4.2.1 Compatible Apple LLVM 6.1.0 (clang-602.0.49)

END.
